{
  "stats": {
    "suites": 1,
    "tests": 1,
    "passes": 1,
    "pending": 0,
    "failures": 0,
    "start": "2023-04-13T08:28:21.924Z",
    "end": "2023-04-13T08:29:28.560Z",
    "duration": 66636,
    "testsRegistered": 25,
    "passPercent": 4,
    "pendingPercent": 0,
    "other": 0,
    "hasOther": false,
    "skipped": 24,
    "hasSkipped": true
  },
  "results": [
    {
      "uuid": "745e56c6-3d8d-4754-942e-f804751a61c4",
      "title": "",
      "fullFile": "",
      "file": "",
      "beforeHooks": [],
      "afterHooks": [],
      "tests": [],
      "suites": [
        {
          "uuid": "fe209e2c-88d0-48ad-98d7-5ec7b9774f98",
          "title": "Admin Web",
          "fullFile": "/Users/johnnyvineall/Documents/GitHub/finrem-ccd-definitions/test/functional/admin_test.js",
          "file": "/test/functional/admin_test.js",
          "beforeHooks": [
            {
              "title": "\"before all\" hook: codeceptjs.beforeSuite",
              "fullTitle": "Admin Web \"before all\" hook: codeceptjs.beforeSuite",
              "timedOut": false,
              "duration": 0,
              "state": null,
              "speed": null,
              "pass": false,
              "fail": false,
              "pending": false,
              "context": null,
              "code": "scenario.suiteSetup(suite)",
              "err": {},
              "uuid": "a4e1f297-772b-4569-bce5-faa82c6ea127",
              "parentUUID": null,
              "isHook": true,
              "skipped": false
            },
            {
              "title": "\"before each\" hook: codeceptjs.before",
              "fullTitle": "Admin Web \"before each\" hook: codeceptjs.before",
              "timedOut": false,
              "duration": 0,
              "state": null,
              "speed": null,
              "pass": false,
              "fail": false,
              "pending": false,
              "context": null,
              "code": "scenario.setup(suite)",
              "err": {},
              "uuid": "d699721b-a985-4cd8-848a-03ef6fc66a6e",
              "parentUUID": null,
              "isHook": true,
              "skipped": false
            }
          ],
          "afterHooks": [
            {
              "title": "\"after all\" hook: codeceptjs.afterSuite",
              "fullTitle": "Admin Web \"after all\" hook: codeceptjs.afterSuite",
              "timedOut": false,
              "duration": 0,
              "state": null,
              "speed": null,
              "pass": false,
              "fail": false,
              "pending": false,
              "context": null,
              "code": "scenario.suiteTeardown(suite)",
              "err": {},
              "uuid": "e2cfcf43-7495-44d2-9f81-c7f6f0cd2720",
              "parentUUID": null,
              "isHook": true,
              "skipped": false
            },
            {
              "title": "\"after each\" hook: finalize codeceptjs",
              "fullTitle": "Admin Web \"after each\" hook: finalize codeceptjs",
              "timedOut": false,
              "duration": 0,
              "state": null,
              "speed": null,
              "pass": false,
              "fail": false,
              "pending": false,
              "context": null,
              "code": "scenario.teardown(suite)",
              "err": {},
              "uuid": "167049e2-8946-42d8-8538-c6792fe0d60b",
              "parentUUID": null,
              "isHook": true,
              "skipped": false
            }
          ],
          "tests": [
            {
              "title": "add all the roles @pipeline",
              "fullTitle": "Admin Web: add all the roles @pipeline",
              "timedOut": false,
              "duration": 0,
              "state": null,
              "speed": null,
              "pass": false,
              "fail": false,
              "pending": false,
              "context": null,
              "code": "I.loginToAdminConsole();\nI.createRole('citizen');\nI.createRole('caseworker');\nI.createRole('caseworker-divorce-financialremedy-courtadmin');\nI.createRole('caseworker-divorce-financialremedy-solicitor');\nI.createRole('caseworker-divorce-financialremedy-judiciary');\nI.createRole('caseworker-divorce-systemupdate');\nI.createRole('caseworker-divorce-bulkscan');\nI.createRole('caseworker-divorce-financialremedy');\nI.createRole('caseworker-caa');\nI.createRole('caseworker-divorce-financialremedy-superuser');\nI.createRole('caseworker-approver');\nI.click('Manage User Roles');\nI.see('citizen');\nI.see('caseworker');\nI.see('caseworker-divorce-financialremedy-courtadmin');\nI.see('caseworker-divorce-financialremedy-solicitor');\nI.see('caseworker-divorce-financialremedy-judiciary');\nI.see('caseworker-divorce-systemupdate');\nI.see('caseworker-divorce-bulkscan');\nI.see('caseworker-divorce-financialremedy');\nI.see('caseworker-caa');\nI.see('caseworker-divorce-financialremedy-superuser')\nI.see('caseworker-approver');",
              "err": {},
              "uuid": "b78b4862-836b-4f25-bb61-84a5f2503dd2",
              "parentUUID": null,
              "isHook": false,
              "skipped": true
            }
          ],
          "suites": [],
          "passes": [],
          "failures": [],
          "pending": [],
          "skipped": [
            "b78b4862-836b-4f25-bb61-84a5f2503dd2"
          ],
          "duration": 0,
          "root": false,
          "rootEmpty": false,
          "_timeout": 0
        },
        {
          "uuid": "78ebe8c4-4dc3-4cd5-bf88-47ac1b5cfc74",
          "title": "create Consented case ",
          "fullFile": "/Users/johnnyvineall/Documents/GitHub/finrem-ccd-definitions/test/functional/consented_test.js",
          "file": "/test/functional/consented_test.js",
          "beforeHooks": [
            {
              "title": "\"before all\" hook: codeceptjs.beforeSuite",
              "fullTitle": "create Consented case  \"before all\" hook: codeceptjs.beforeSuite",
              "timedOut": false,
              "duration": 0,
              "state": null,
              "speed": null,
              "pass": false,
              "fail": false,
              "pending": false,
              "context": null,
              "code": "scenario.suiteSetup(suite)",
              "err": {},
              "uuid": "ded406fa-add3-47c4-a80e-d0234d2e70aa",
              "parentUUID": null,
              "isHook": true,
              "skipped": false
            },
            {
              "title": "\"before each\" hook: codeceptjs.before",
              "fullTitle": "create Consented case  \"before each\" hook: codeceptjs.before",
              "timedOut": false,
              "duration": 0,
              "state": null,
              "speed": null,
              "pass": false,
              "fail": false,
              "pending": false,
              "context": null,
              "code": "scenario.setup(suite)",
              "err": {},
              "uuid": "99505d7a-396a-4cc3-8e5c-329ed4d02e50",
              "parentUUID": null,
              "isHook": true,
              "skipped": false
            }
          ],
          "afterHooks": [
            {
              "title": "\"after all\" hook: codeceptjs.afterSuite",
              "fullTitle": "create Consented case  \"after all\" hook: codeceptjs.afterSuite",
              "timedOut": false,
              "duration": 0,
              "state": null,
              "speed": null,
              "pass": false,
              "fail": false,
              "pending": false,
              "context": null,
              "code": "scenario.suiteTeardown(suite)",
              "err": {},
              "uuid": "bf03bb46-6ca5-4cb6-a2d0-e87c5d45c276",
              "parentUUID": null,
              "isHook": true,
              "skipped": false
            },
            {
              "title": "\"after each\" hook: finalize codeceptjs",
              "fullTitle": "create Consented case  \"after each\" hook: finalize codeceptjs",
              "timedOut": false,
              "duration": 0,
              "state": null,
              "speed": null,
              "pass": false,
              "fail": false,
              "pending": false,
              "context": null,
              "code": "scenario.teardown(suite)",
              "err": {},
              "uuid": "b8847728-28ae-40f5-8a22-e40d1362c565",
              "parentUUID": null,
              "isHook": true,
              "skipped": false
            }
          ],
          "tests": [
            {
              "title": "Consent Case Creation For Caseworker @nightly @pipeline",
              "fullTitle": "create Consented case : Consent Case Creation For Caseworker @nightly @pipeline",
              "timedOut": false,
              "duration": 0,
              "state": null,
              "speed": null,
              "pass": false,
              "fail": false,
              "pending": false,
              "context": null,
              "code": "if (runningEnv === 'demo') {\n  const caseId = await createCaseInCcd(solicitorUserName, solicitorPassword, './test/data/ccd-demo-consented-basic-data.json', 'FinancialRemedyMVP2', 'FR_solicitorCreate');\n  /* eslint-disable */\n  const caseSubmission = await updateCaseInCcd(solicitorUserName, solicitorPassword, caseId, 'FinancialRemedyMVP2', 'FR_applicationPaymentSubmission', './test/data/ccd-hwf-consented-payment.json');\n  const hwfPaymentAccepted = await updateCaseInCcd(caseWorkerUserName, caseWorkerPassword, caseId, 'FinancialRemedyMVP2', 'FR_HWFDecisionMade', './test/data/ccd-demo-consented-basic-data.json');\n} else {\n  const caseId = await createCaseInCcd(solicitorUserName, solicitorPassword, './test/data/ccd-consented-basic-data.json', 'FinancialRemedyMVP2', 'FR_solicitorCreate');\n  const caseSubmission = await updateCaseInCcd(solicitorUserName, solicitorPassword, caseId, 'FinancialRemedyMVP2', 'FR_applicationPaymentSubmission', './test/data/ccd-hwf-consented-payment.json');\n  const hwfPaymentAccepted = await updateCaseInCcd(caseWorkerUserName, caseWorkerPassword, caseId, 'FinancialRemedyMVP2', 'FR_HWFDecisionMade', './test/data/ccd-consented-basic-data.json');\n  /* eslint-disable */\n  if (nightlyTest === 'true') {\n    I.signInIdam(caseWorkerUserName, caseWorkerPassword);\n    I.amOnPage(`${ccdWebUrl}/v2/case/${caseId}`);\n    I.verifyConsentedTabData(verifyTabText.caseType, verifyTabText.historyTab.hwfPaymentAcceptedEvent, verifyTabText.historyTab.hwfPaymentAcceptedEndState);\n    I.paymentDetailsTab(verifyTabText.caseType, verifyTabText.paymentDetailsTab.tabName);\n    I.judgeDetailsTab(verifyTabText.caseType, verifyTabText.judgeDetailsTab.tabName, verifyTabText.historyTab.hwfPaymentAcceptedEvent);\n  }\n}",
              "err": {},
              "uuid": "e38a09db-8084-4278-bfb2-f0dd9fb04efc",
              "parentUUID": null,
              "isHook": false,
              "skipped": true
            },
            {
              "title": "Consent Case Creation For Judge @nightly @pipeline",
              "fullTitle": "create Consented case : Consent Case Creation For Judge @nightly @pipeline",
              "timedOut": false,
              "duration": 0,
              "state": null,
              "speed": null,
              "pass": false,
              "fail": false,
              "pending": false,
              "context": null,
              "code": "if (runningEnv === 'demo') {\n  const caseId = await createCaseInCcd(solicitorUserName, solicitorPassword, './test/data/ccd-demo-consented-basic-data.json', 'FinancialRemedyMVP2', 'FR_solicitorCreate');\n  /* eslint-disable */\n  const caseSubmission = await updateCaseInCcd(solicitorUserName, solicitorPassword, caseId, 'FinancialRemedyMVP2', 'FR_applicationPaymentSubmission', './test/data/ccd-hwf-consented-payment.json');\n  const hwfPaymentAccepted = await updateCaseInCcd(caseWorkerUserName, caseWorkerPassword, caseId, 'FinancialRemedyMVP2', 'FR_HWFDecisionMade', './test/data/ccd-demo-consented-basic-data.json');\n  const issueApplication = await updateCaseInCcd(caseWorkerUserName, caseWorkerPassword, caseId, 'FinancialRemedyMVP2', 'FR_issueApplication', './test/data/ccd-consented-case-worker-issue-data.json');\n} else {\n  const caseId = await createCaseInCcd(solicitorUserName, solicitorPassword, './test/data/ccd-consented-basic-data.json', 'FinancialRemedyMVP2', 'FR_solicitorCreate');\n  const caseSubmission = await updateCaseInCcd(solicitorUserName, solicitorPassword, caseId, 'FinancialRemedyMVP2', 'FR_applicationPaymentSubmission', './test/data/ccd-hwf-consented-payment.json');\n  const hwfPaymentAccepted = await updateCaseInCcd(caseWorkerUserName, caseWorkerPassword, caseId, 'FinancialRemedyMVP2', 'FR_HWFDecisionMade', './test/data/ccd-consented-basic-data.json');\n  const issueApplication = await updateCaseInCcd(caseWorkerUserName, caseWorkerPassword, caseId, 'FinancialRemedyMVP2', 'FR_issueApplication', './test/data/ccd-consented-case-worker-issue-data.json');\n  /* eslint-enable */\n  if (nightlyTest === 'true') {\n    I.signInIdam(caseWorkerUserName, caseWorkerPassword);\n    I.amOnPage(`${ccdWebUrl}/v2/case/${caseId}`);\n    // eslint-disable-next-line max-len\n    I.verifyConsentedTabData(verifyTabText.caseType, verifyTabText.historyTab.issueApplicationEvent, verifyTabText.historyTab.issueApplicationEndState);\n    I.paymentDetailsTab(verifyTabText.caseType, verifyTabText.paymentDetailsTab.tabName);\n    I.adminNotesTab(verifyTabText.caseType, verifyTabText.adminNotesTab.tabName);\n  }\n}",
              "err": {},
              "uuid": "3436a030-6409-492c-8046-616a7fef0f3a",
              "parentUUID": null,
              "isHook": false,
              "skipped": true
            },
            {
              "title": "Consent Case approve and send order  @nightly @pipeline ",
              "fullTitle": "create Consented case : Consent Case approve and send order  @nightly @pipeline ",
              "timedOut": false,
              "duration": 0,
              "state": null,
              "speed": null,
              "pass": false,
              "fail": false,
              "pending": false,
              "context": null,
              "code": "const caseId = await createCaseInCcd(solicitorUserName, solicitorPassword, './test/data/ccd-consented-basic-data.json', 'FinancialRemedyMVP2', 'FR_solicitorCreate');\nconst caseSubmission = await updateCaseInCcd(solicitorUserName, solicitorPassword, caseId, 'FinancialRemedyMVP2', 'FR_applicationPaymentSubmission', './test/data/ccd-hwf-consented-payment.json');\nconst hwfPaymentAccepted = await updateCaseInCcd(caseWorkerUserName, caseWorkerPassword, caseId, 'FinancialRemedyMVP2', 'FR_HWFDecisionMade', './test/data/ccd-consented-basic-data.json');\nconst issueApplication = await updateCaseInCcd(caseWorkerUserName, caseWorkerPassword, caseId, 'FinancialRemedyMVP2', 'FR_issueApplication', './test/data/ccd-consented-case-worker-issue-data.json');\nconst approveOrder = await updateCaseInCcd(judgeUserName, judgePassword, caseId, 'FinancialRemedyMVP2', 'FR_approveApplication', './test/data/ccd-consented-judge-approve-data.json');\nconst sendOrder = await updateCaseInCcd(caseWorkerUserName, caseWorkerPassword, caseId, 'FinancialRemedyMVP2', 'FR_sendOrderForApproved', './test/data/ccd-caseworker-send-order.json');\n\n  /* eslint-enable */\nif (nightlyTest === 'true') {\n  I.signInIdam(caseWorkerUserName, caseWorkerPassword);\n  I.amOnPage(`${ccdWebUrl}/v2/case/${caseId}`);\n  // eslint-disable-next-line max-len\n  I.verifyConsentedTabData(verifyTabText.caseType, verifyTabText.historyTab.sendOrderEvent, verifyTabText.historyTab.approveSendOrderEndState);\n  I.approvedOrderTab(verifyTabText.caseType, verifyTabText.approvedOrderTab.tabName);\n  }",
              "err": {},
              "uuid": "d573dada-f24b-492e-86b1-f45d5fafe196",
              "parentUUID": null,
              "isHook": false,
              "skipped": true
            },
            {
              "title": "Consent Case Creation by Solicitor @nightly",
              "fullTitle": "create Consented case : Consent Case Creation by Solicitor @nightly",
              "timedOut": false,
              "duration": 0,
              "state": null,
              "speed": null,
              "pass": false,
              "fail": false,
              "pending": false,
              "context": null,
              "code": "if (nightlyTest === 'true') {\n  I.signInIdam(solicitorUserName, solicitorPassword);\n  I.wait('2');\n  await I.createCase('Financial Remedy Consented', 'Consent Order Application');\n  await I.solicitorCreate(solRef);\n  await I.divorceDetails();\n  await I.applicantDetails();\n  await I.consentedRespondentDetails();\n  await I.natureOfApplication();\n  await I.consentOrder();\n  await I.d81Question();\n  await I.optionalDocuments();\n  await I.consentedOtherDocuments();\n  await I.savingApplicationInformation('consented');\n  await I.checkYourAnswers();\n  // amend event\n  I.amendApplicationDetails();\n  // hwf payment submission\n  await I.caseSubmitAuthorisation('consented');\n  await I.paymentPage(false);\n  await I.hwfPaymentDetails();\n  await I.paymentSubmission();\n  await I.savingApplicationInformation('consented');\n  await I.finalPaymentSubmissionPage();\n  await I.finalInformationPage();\n  I.waitForText('History', '30');\n}",
              "err": {},
              "uuid": "1f941d82-d0a4-437c-abb3-40e629d14ba3",
              "parentUUID": null,
              "isHook": false,
              "skipped": true
            }
          ],
          "suites": [],
          "passes": [],
          "failures": [],
          "pending": [],
          "skipped": [
            "e38a09db-8084-4278-bfb2-f0dd9fb04efc",
            "3436a030-6409-492c-8046-616a7fef0f3a",
            "d573dada-f24b-492e-86b1-f45d5fafe196",
            "1f941d82-d0a4-437c-abb3-40e629d14ba3"
          ],
          "duration": 0,
          "root": false,
          "rootEmpty": false,
          "_timeout": 0
        },
        {
          "uuid": "0b4bd9e8-038d-4863-95af-4682d486492b",
          "title": "create Contested case ",
          "fullFile": "/Users/johnnyvineall/Documents/GitHub/finrem-ccd-definitions/test/functional/contested_test.js",
          "file": "/test/functional/contested_test.js",
          "beforeHooks": [
            {
              "title": "\"before all\" hook: codeceptjs.beforeSuite",
              "fullTitle": "create Contested case  \"before all\" hook: codeceptjs.beforeSuite",
              "timedOut": false,
              "duration": 0,
              "state": null,
              "speed": null,
              "pass": false,
              "fail": false,
              "pending": false,
              "context": null,
              "code": "scenario.suiteSetup(suite)",
              "err": {},
              "uuid": "9b9725d4-beb8-496d-98d1-bcf2e07a0baa",
              "parentUUID": "0b4bd9e8-038d-4863-95af-4682d486492b",
              "isHook": true,
              "skipped": false
            },
            {
              "title": "\"before each\" hook: codeceptjs.before",
              "fullTitle": "create Contested case  \"before each\" hook: codeceptjs.before",
              "timedOut": false,
              "duration": 855,
              "state": null,
              "speed": null,
              "pass": false,
              "fail": false,
              "pending": false,
              "context": null,
              "code": "scenario.setup(suite)",
              "err": {},
              "uuid": "e016cb67-07d5-4f22-836e-66bb88c18518",
              "parentUUID": "0b4bd9e8-038d-4863-95af-4682d486492b",
              "isHook": true,
              "skipped": false
            }
          ],
          "afterHooks": [
            {
              "title": "\"after all\" hook: codeceptjs.afterSuite",
              "fullTitle": "create Contested case  \"after all\" hook: codeceptjs.afterSuite",
              "timedOut": false,
              "duration": 1,
              "state": null,
              "speed": null,
              "pass": false,
              "fail": false,
              "pending": false,
              "context": null,
              "code": "scenario.suiteTeardown(suite)",
              "err": {},
              "uuid": "36e6bc69-a589-40ce-b76c-4a3248a6d1c5",
              "parentUUID": "0b4bd9e8-038d-4863-95af-4682d486492b",
              "isHook": true,
              "skipped": false
            },
            {
              "title": "\"after each\" hook: finalize codeceptjs",
              "fullTitle": "create Contested case  \"after each\" hook: finalize codeceptjs",
              "timedOut": false,
              "duration": 110,
              "state": null,
              "speed": null,
              "pass": false,
              "fail": false,
              "pending": false,
              "context": null,
              "code": "scenario.teardown(suite)",
              "err": {},
              "uuid": "7755e0b3-9d40-4a4d-a910-aab5c2cd36d7",
              "parentUUID": "0b4bd9e8-038d-4863-95af-4682d486492b",
              "isHook": true,
              "skipped": false
            }
          ],
          "tests": [
            {
              "title": "Contested Case Creation For Caseworker @nightly @pipeline",
              "fullTitle": "create Contested case : Contested Case Creation For Caseworker @nightly @pipeline",
              "timedOut": false,
              "duration": 0,
              "state": null,
              "speed": null,
              "pass": false,
              "fail": false,
              "pending": false,
              "context": null,
              "code": "if (runningEnv === 'demo') {\n  const caseId = await createCaseInCcd(solicitorUserName, solicitorPassword, './test/data/ccd-demo-contested-basic-data.json', 'FinancialRemedyContested', 'FR_solicitorCreate');\n  /* eslint-disable */\n  const caseSubmission = await updateCaseInCcd(solicitorUserName, solicitorPassword, caseId, 'FinancialRemedyContested', 'FR_applicationPaymentSubmission', './test/data/ccd-hwf-contested-payment.json');\n  const hwfPaymentAccepted = await updateCaseInCcd(caseWorkerUserName, caseWorkerPassword, caseId, 'FinancialRemedyContested', 'FR_HWFDecisionMade', './test/data/ccd-demo-contested-basic-data.json');\n} else {\n  const caseId = await createCaseInCcd(solicitorUserName, solicitorPassword, './test/data/ccd-contested-basic-data.json', 'FinancialRemedyContested', 'FR_solicitorCreate');\n  const caseSubmission = await updateCaseInCcd(solicitorUserName, solicitorPassword, caseId, 'FinancialRemedyContested', 'FR_applicationPaymentSubmission', './test/data/ccd-hwf-contested-payment.json');\n  const hwfPaymentAccepted = await updateCaseInCcd(caseWorkerUserName, caseWorkerPassword, caseId, 'FinancialRemedyContested', 'FR_HWFDecisionMade', './test/data/ccd-contested-basic-data.json');\n  /* eslint-enable */\n  if (nightlyTest === 'true') {\n    I.signInIdam(caseWorkerUserName, caseWorkerPassword);\n    I.amOnPage(`${ccdWebUrl}/v2/case/${caseId}`);\n    // eslint-disable-next-line max-len\n    I.verifyContestedTabData(verifyTabText.caseType, verifyTabText.historyTab.hwfPaymentAcceptedEvent, verifyTabText.historyTab.hwfPaymentAcceptedEndState);\n  }\n}",
              "err": {},
              "uuid": "5671d78e-0db1-4429-88a1-52c302d312fa",
              "parentUUID": "0b4bd9e8-038d-4863-95af-4682d486492b",
              "isHook": false,
              "skipped": true
            },
            {
              "title": "Contested Case Creation For Judge @nightly @pipeline",
              "fullTitle": "create Contested case : Contested Case Creation For Judge @nightly @pipeline",
              "timedOut": false,
              "duration": 0,
              "state": null,
              "speed": null,
              "pass": false,
              "fail": false,
              "pending": false,
              "context": null,
              "code": "// if (runningEnv === 'demo') {\n//   const caseId = await createCaseInCcd(solicitorUserName, solicitorPassword, './test/data/ccd-demo-contested-basic-data.json', 'FinancialRemedyContested', 'FR_solicitorCreate');\n//   /* eslint-disable */\n//   const caseSubmission = await updateCaseInCcd(solicitorUserName, solicitorPassword, caseId, 'FinancialRemedyContested', 'FR_applicationPaymentSubmission', './test/data/ccd-hwf-contested-payment.json');\n//   const hwfPaymentAccepted = await updateCaseInCcd(caseWorkerUserName, caseWorkerPassword, caseId, 'FinancialRemedyContested', 'FR_HWFDecisionMade', './test/data/ccd-demo-contested-basic-data.json');\n//   const issueApplication = await updateCaseInCcd(caseWorkerUserName, caseWorkerPassword, caseId, 'FinancialRemedyContested', 'FR_issueApplication', './test/data/ccd-contested-case-worker-issue-data.json');\n//   const assignToJudge = await updateCaseInCcd(caseWorkerUserName, caseWorkerPassword, caseId, 'FinancialRemedyContested', 'FR_allocateToJudge', './test/data/ccd-contested-case-worker-issue-data.json');\n// } else {\n  const caseId = await createCaseInCcd(solicitorUserName, solicitorPassword, './test/data/ccd-contested-basic-data.json', 'FinancialRemedyContested', 'FR_solicitorCreate');\n  const caseSubmission = await updateCaseInCcd(solicitorUserName, solicitorPassword, caseId, 'FinancialRemedyContested', 'FR_applicationPaymentSubmission', './test/data/ccd-hwf-contested-payment.json');\n  const hwfPaymentAccepted = await updateCaseInCcd(caseWorkerUserName, caseWorkerPassword, caseId, 'FinancialRemedyContested', 'FR_HWFDecisionMade', './test/data/ccd-contested-basic-data.json');\n  const issueApplication = await updateCaseInCcd(caseWorkerUserName, caseWorkerPassword, caseId, 'FinancialRemedyContested', 'FR_issueApplication', './test/data/ccd-contested-case-worker-issue-data.json');\n  const assignToJudge = await updateCaseInCcd(caseWorkerUserName, caseWorkerPassword, caseId, 'FinancialRemedyContested', 'FR_allocateToJudge', './test/data/ccd-contested-case-worker-issue-data.json');\n  /* eslint-enable */\n  if (nightlyTest === 'true') {\n    I.signInIdam(caseWorkerUserName, caseWorkerPassword);\n    I.amOnPage(`${ccdWebUrl}/v2/case/${caseId}`);\n    // eslint-disable-next-line max-len\n    I.verifyContestedTabData(verifyTabText.caseType, verifyTabText.historyTab.assignToJudgeEvent, verifyTabText.historyTab.assignToJudgeEndState);\n    I.adminNotesTab(verifyTabText.caseType, verifyTabText.adminNotesTab.tabName);\n // }\n}",
              "err": {},
              "uuid": "05396d7c-c8d0-4041-8d30-a5edb3b032e8",
              "parentUUID": "0b4bd9e8-038d-4863-95af-4682d486492b",
              "isHook": false,
              "skipped": true
            },
            {
              "title": "Contested Case Creation For Ready For Hearing @nightly @pipeline",
              "fullTitle": "create Contested case : Contested Case Creation For Ready For Hearing @nightly @pipeline",
              "timedOut": false,
              "duration": 0,
              "state": null,
              "speed": null,
              "pass": false,
              "fail": false,
              "pending": false,
              "context": null,
              "code": "const caseId = await createCaseInCcd(solicitorUserName, solicitorPassword, './test/data/ccd-contested-basic-data.json', 'FinancialRemedyContested', 'FR_solicitorCreate');\n/* eslint-disable */\nconst caseSubmission = await updateCaseInCcd(solicitorUserName, solicitorPassword, caseId, 'FinancialRemedyContested', 'FR_applicationPaymentSubmission', './test/data/ccd-hwf-contested-payment.json');\nconst hwfPaymentAccepted = await updateCaseInCcd(caseWorkerUserName, caseWorkerPassword, caseId, 'FinancialRemedyContested', 'FR_HWFDecisionMade', './test/data/ccd-contested-basic-data.json');\nconst issueApplication = await updateCaseInCcd(caseWorkerUserName, caseWorkerPassword, caseId, 'FinancialRemedyContested', 'FR_issueApplication', './test/data/ccd-contested-case-worker-issue-data.json');\nconst assignToJudge = await updateCaseInCcd(caseWorkerUserName, caseWorkerPassword, caseId, 'FinancialRemedyContested', 'FR_allocateToJudge', './test/data/ccd-contested-case-worker-issue-data.json');\nconst allocationDirections = await updateCaseInCcd(judgeUserName, judgePassword, caseId, 'FinancialRemedyContested', 'FR_giveAllocationDirections', './test/data/ccd-contested-allocation-directions.json');\nconst listForHearing = await updateCaseInCcd(caseWorkerUserName, caseWorkerPassword, caseId, 'FinancialRemedyContested', 'FR_addSchedulingListingInfo', './test/data/ccd-contested-list-for-hearing.json');\nconst submitUploadCaseFiles = await updateCaseInCcd(caseWorkerUserName, caseWorkerPassword, caseId, 'FinancialRemedyContested', 'FR_submitUploadedCaseFiles', './test/data/ccd-contested-list-for-hearing.json');\n/* eslint-enable */\nif (nightlyTest === 'true') {\n  I.signInIdam(caseWorkerUserName, caseWorkerPassword);\n  I.amOnPage(`${ccdWebUrl}/v2/case/${caseId}`);\n  // eslint-disable-next-line max-len\n  I.verifyContestedTabData(verifyTabText.caseType, verifyTabText.historyTab.submitUploadCaseFilesEvent, verifyTabText.historyTab.submitUploadCaseFilesEndState);\n  I.schedulingAndListingTab(verifyTabText.caseType, verifyTabText.schedulingAndListingTab.tabName);\n  I.adminNotesTab(verifyTabText.caseType, verifyTabText.adminNotesTab.tabName);\n}",
              "err": {},
              "uuid": "5c833428-c4ac-42f3-88b2-7f9322bbd482",
              "parentUUID": "0b4bd9e8-038d-4863-95af-4682d486492b",
              "isHook": false,
              "skipped": true
            },
            {
              "title": "Contested Case Approved and Send Order  @nightly @pipeline",
              "fullTitle": "create Contested case : Contested Case Approved and Send Order  @nightly @pipeline",
              "timedOut": false,
              "duration": 0,
              "state": null,
              "speed": null,
              "pass": false,
              "fail": false,
              "pending": false,
              "context": null,
              "code": "const caseId = await createCaseInCcd(solicitorUserName, solicitorPassword, './test/data/ccd-contested-basic-data.json', 'FinancialRemedyContested', 'FR_solicitorCreate');\n/* eslint-disable */\nconst caseSubmission = await updateCaseInCcd(solicitorUserName, solicitorPassword, caseId, 'FinancialRemedyContested', 'FR_applicationPaymentSubmission', './test/data/ccd-hwf-contested-payment.json');\nconst hwfPaymentAccepted = await updateCaseInCcd(caseWorkerUserName, caseWorkerPassword, caseId, 'FinancialRemedyContested', 'FR_HWFDecisionMade', './test/data/ccd-contested-basic-data.json');\nconst issueApplication = await updateCaseInCcd(caseWorkerUserName, caseWorkerPassword, caseId, 'FinancialRemedyContested', 'FR_issueApplication', './test/data/ccd-contested-case-worker-issue-data.json');\nconst assignToJudge = await updateCaseInCcd(caseWorkerUserName, caseWorkerPassword, caseId, 'FinancialRemedyContested', 'FR_allocateToJudge', './test/data/ccd-contested-case-worker-issue-data.json');\nconst allocationDirections = await updateCaseInCcd(judgeUserName, judgePassword, caseId, 'FinancialRemedyContested', 'FR_giveAllocationDirections', './test/data/ccd-contested-allocation-directions.json');\nconst listForHearing = await updateCaseInCcd(caseWorkerUserName, caseWorkerPassword, caseId, 'FinancialRemedyContested', 'FR_addSchedulingListingInfo', './test/data/ccd-contested-list-for-hearing.json');\nconst submitUploadCaseFiles = await updateCaseInCcd(caseWorkerUserName, caseWorkerPassword, caseId, 'FinancialRemedyContested', 'FR_submitUploadedCaseFiles', './test/data/ccd-contested-list-for-hearing.json');\nconst solicitorDraftDirectionOrder = await updateCaseInCcd(solicitorUserName, solicitorPassword, caseId, 'FinancialRemedyContested', 'FR_solicitorDraftDirectionOrder', './test/data/ccd-contested-solicitor-draft-direction-order.json');\nconst draftOrderApproved = await updateCaseInCcd(judgeUserName, judgePassword, caseId, 'FinancialRemedyContested', 'FR_draftOrderApproved', './test/data/ccd-contested-judge-approved.json');\nconst uploadOrder = await updateCaseInCcd(caseWorkerUserName, caseWorkerPassword, caseId, 'FinancialRemedyContested', 'FR_directionOrder', './test/data/ccd-contested-caseworker-upload-order.json');\nconst sendOrder = await updateCaseInCcd(caseWorkerUserName, caseWorkerPassword, caseId, 'FinancialRemedyContested', 'FR_sendOrder', './test/data/ccd-caseworker-send-order.json');\n/* eslint-enable */\nif (nightlyTest === 'true') {\n  I.signInIdam(caseWorkerUserName, caseWorkerPassword);\n  I.amOnPage(`${ccdWebUrl}/v2/case/${caseId}`);\n  // eslint-disable-next-line max-len\n  I.verifyContestedTabData(verifyTabText.caseType, verifyTabText.historyTab.sendOrderEvent, verifyTabText.historyTab.sendOrderState);\n  I.wait(2);\n  I.click({css: '.mat-tab-header-pagination-after'});\n  I.adminNotesTab(verifyTabText.caseType, verifyTabText.adminNotesTab.tabName);\n  I.contestedOrderTab(verifyTabText.caseType, verifyTabText.OrdersTab.tabName);\n}",
              "err": {},
              "uuid": "ef3d47a8-58d0-45cb-b9dd-8b0ce23e6d19",
              "parentUUID": "0b4bd9e8-038d-4863-95af-4682d486492b",
              "isHook": false,
              "skipped": true
            },
            {
              "title": "Consented case in Contested @nightly @pipeline",
              "fullTitle": "create Contested case : Consented case in Contested @nightly @pipeline",
              "timedOut": false,
              "duration": 0,
              "state": null,
              "speed": null,
              "pass": false,
              "fail": false,
              "pending": false,
              "context": null,
              "code": "if (runningEnv === 'demo') {\n  const caseId = await createCaseInCcd(solicitorUserName, solicitorPassword, './test/data/ccd-demo-contested-basic-data.json', 'FinancialRemedyContested', 'FR_solicitorCreate');\n  /* eslint-disable */\n  const caseSubmission = await updateCaseInCcd(solicitorUserName, solicitorPassword, caseId, 'FinancialRemedyContested', 'FR_applicationPaymentSubmission', './test/data/ccd-hwf-contested-payment.json');\n  const hwfPaymentAccepted = await updateCaseInCcd(caseWorkerUserName, caseWorkerPassword, caseId, 'FinancialRemedyContested', 'FR_HWFDecisionMade', './test/data/ccd-demo-contested-basic-data.json');\n  const issueApplication = await updateCaseInCcd(caseWorkerUserName, caseWorkerPassword, caseId, 'FinancialRemedyContested', 'FR_issueApplication', './test/data/ccd-contested-case-worker-issue-data.json');\n  const contestToConsent = await updateCaseInCcd(caseWorkerUserName, caseWorkerPassword, caseId, 'FinancialRemedyContested', 'FR_consentOrder', './test/data/ccd-demo-contested-to-consented.json');\n} else {\n  const caseId = await createCaseInCcd(solicitorUserName, solicitorPassword, './test/data/ccd-contested-basic-data.json', 'FinancialRemedyContested', 'FR_solicitorCreate');\n  const caseSubmission = await updateCaseInCcd(solicitorUserName, solicitorPassword, caseId, 'FinancialRemedyContested', 'FR_applicationPaymentSubmission', './test/data/ccd-hwf-contested-payment.json');\n  const hwfPaymentAccepted = await updateCaseInCcd(caseWorkerUserName, caseWorkerPassword, caseId, 'FinancialRemedyContested', 'FR_HWFDecisionMade', './test/data/ccd-contested-basic-data.json');\n  const issueApplication = await updateCaseInCcd(caseWorkerUserName, caseWorkerPassword, caseId, 'FinancialRemedyContested', 'FR_issueApplication', './test/data/ccd-contested-case-worker-issue-data.json');\n  const contestToConsent = await updateCaseInCcd(caseWorkerUserName, caseWorkerPassword, caseId, 'FinancialRemedyContested', 'FR_consentOrder', './test/data/ccd-contested-to-consented.json');\n  /* eslint-enable */\n  if (nightlyTest === 'true') {\n    I.signInIdam(caseWorkerUserName, caseWorkerPassword);\n    I.amOnPage(`${ccdWebUrl}/v2/case/${caseId}`);\n    // eslint-disable-next-line max-len\n    I.verifyContestedTabData(verifyTabText.caseType, verifyTabText.historyTab.consentOrderEvent, verifyTabText.historyTab.consentOrderEndState);\n    I.adminNotesTab(verifyTabText.caseType, verifyTabText.adminNotesTab.tabName);\n    I.consentOrderProcessTab(verifyTabText.caseType, verifyTabText.consentOrderProcessTab.tabName);\n  }\n}",
              "err": {},
              "uuid": "5865f29c-ba8a-4e07-a3da-41ee01bd7013",
              "parentUUID": "0b4bd9e8-038d-4863-95af-4682d486492b",
              "isHook": false,
              "skipped": true
            },
            {
              "title": "Consented case in Contested Assigned to Judge @nightly @pipeline",
              "fullTitle": "create Contested case : Consented case in Contested Assigned to Judge @nightly @pipeline",
              "timedOut": false,
              "duration": 0,
              "state": null,
              "speed": null,
              "pass": false,
              "fail": false,
              "pending": false,
              "context": null,
              "code": "const caseId = await createCaseInCcd(solicitorUserName, solicitorPassword, './test/data/ccd-contested-basic-data.json', 'FinancialRemedyContested', 'FR_solicitorCreate');\n/* eslint-disable */\nconst caseSubmission = await updateCaseInCcd(solicitorUserName, solicitorPassword, caseId, 'FinancialRemedyContested', 'FR_applicationPaymentSubmission', './test/data/ccd-hwf-contested-payment.json');\nconst hwfPaymentAccepted = await updateCaseInCcd(caseWorkerUserName, caseWorkerPassword, caseId, 'FinancialRemedyContested', 'FR_HWFDecisionMade', './test/data/ccd-contested-basic-data.json');\nconst issueApplication = await updateCaseInCcd(caseWorkerUserName, caseWorkerPassword, caseId, 'FinancialRemedyContested', 'FR_issueApplication', './test/data/ccd-contested-case-worker-issue-data.json');\nconst contestToConsent = await updateCaseInCcd(caseWorkerUserName, caseWorkerPassword, caseId, 'FinancialRemedyContested', 'FR_consentOrder', './test/data/ccd-contested-to-consented.json');\nconst contestAssignToJudge = await updateCaseInCcd(caseWorkerUserName, caseWorkerPassword, caseId, 'FinancialRemedyContested', 'FR_assignToJudgeConsent', './test/data/ccd-contested-to-consented.json');\n/* eslint-enable */\nif (nightlyTest === 'true') {\n  I.signInIdam(caseWorkerUserName, caseWorkerPassword);\n  I.amOnPage(`${ccdWebUrl}/v2/case/${caseId}`);\n  // eslint-disable-next-line max-len\n  I.verifyContestedTabData(verifyTabText.caseType, verifyTabText.historyTab.assignToJudgeConsentEvent, verifyTabText.historyTab.assignToJudgeConsentEndState);\n  I.adminNotesTab(verifyTabText.caseType, verifyTabText.adminNotesTab.tabName);\n  I.consentOrderProcessTab(verifyTabText.caseType, verifyTabText.consentOrderProcessTab.tabName);\n}",
              "err": {},
              "uuid": "76f54551-ffa0-418a-970b-b5f52dc237b3",
              "parentUUID": "0b4bd9e8-038d-4863-95af-4682d486492b",
              "isHook": false,
              "skipped": true
            },
            {
              "title": "Contested Paper Case Creation @nightly @pipeline",
              "fullTitle": "create Contested case : Contested Paper Case Creation @nightly @pipeline",
              "timedOut": false,
              "duration": 0,
              "state": null,
              "speed": null,
              "pass": false,
              "fail": false,
              "pending": false,
              "context": null,
              "code": "if (runningEnv === 'demo') {\n  const caseId = await createCaseInCcd(caseWorkerUserName, caseWorkerPassword, './test/data/ccd-demo-contested-paper-case-basic-data.json', 'FinancialRemedyContested', 'FR_newPaperCase');\n  /* eslint-disable */\n  const manualPayment = await updateCaseInCcd(caseWorkerUserName, caseWorkerPassword, caseId, 'FinancialRemedyContested', 'FR_manualPayment', './test/data/ccd-demo-contested-paper-case-basic-data.json');\n} else {\n  const caseId = await createCaseInCcd(caseWorkerUserName, caseWorkerPassword, './test/data/ccd-contested-paper-case-basic-data.json', 'FinancialRemedyContested', 'FR_newPaperCase');\n  const manualPayment = await updateCaseInCcd(caseWorkerUserName, caseWorkerPassword, caseId, 'FinancialRemedyContested', 'FR_manualPayment', './test/data/ccd-contested-paper-case-basic-data.json');\n  /* eslint-enable */\n  if (nightlyTest === 'true') {\n    I.signInIdam(caseWorkerUserName, caseWorkerPassword);\n    I.amOnPage(`${ccdWebUrl}/v2/case/${caseId}`);\n    // eslint-disable-next-line max-len\n    I.verifyContestedPaperTabData(verifyContestedPaperTabText.caseType, verifyContestedPaperTabText.historyTab.manualPaymentEvent, verifyContestedPaperTabText.historyTab.manualPaymentEndState);\n  }\n}",
              "err": {},
              "uuid": "e799de4b-1a58-4371-bd91-0c9e647c2fcb",
              "parentUUID": "0b4bd9e8-038d-4863-95af-4682d486492b",
              "isHook": false,
              "skipped": true
            },
            {
              "title": "Contested share case @nightly @pipeline",
              "fullTitle": "create Contested case : Contested share case @nightly @pipeline",
              "timedOut": false,
              "duration": 0,
              "state": null,
              "speed": null,
              "pass": false,
              "fail": false,
              "pending": false,
              "context": null,
              "code": "if (nightlyTest === 'true') {\n  /* eslint-disable */\nconst caseId = await createCaseInCcd(solicitorUserName, solicitorPassword, './test/data/ccd-contested-basic-data.json', 'FinancialRemedyContested', 'FR_solicitorCreate');\nconst caseSubmission = await updateCaseInCcd(solicitorUserName, solicitorPassword, caseId, 'FinancialRemedyContested', 'FR_applicationPaymentSubmission', './test/data/ccd-hwf-contested-payment.json');\nconst hwfPaymentAccepted = await updateCaseInCcd(caseWorkerUserName, caseWorkerPassword, caseId, 'FinancialRemedyContested', 'FR_HWFDecisionMade', './test/data/ccd-contested-basic-data.json',solRef);\n/* eslint-enable */\n  I.signInIdam(solicitorUserName, solicitorPassword);\n  I.assignContestedShareCase(caseId, solRef);\n}",
              "err": {},
              "uuid": "916aa777-ad0a-4e69-9461-e29c966cca93",
              "parentUUID": "0b4bd9e8-038d-4863-95af-4682d486492b",
              "isHook": false,
              "skipped": true
            },
            {
              "title": "Contested Matrimonial Case Creation by Solicitor @nightly",
              "fullTitle": "create Contested case : Contested Matrimonial Case Creation by Solicitor @nightly",
              "timedOut": false,
              "duration": 0,
              "state": null,
              "speed": null,
              "pass": false,
              "fail": false,
              "pending": false,
              "context": null,
              "code": "I.signInIdam(solicitorUserName, solicitorPassword);\nI.wait('2');\nawait I.createCase('FinancialRemedyContested', 'Form A Application');\nawait I.contestedSolicitorCreate(solRef, 'Matrimonial');\nawait I.contestedDivorceDetails();\nawait I.contestedApplicantDetails();\nawait I.contestedRespondentDetails();\nawait I.contestedNatureOfApplication();\nawait I.fastTrack();\nawait I.complexityList();\nawait I.applyingToCourt();\nawait I.mediationQuestion();\nawait I.miamCertification();\nawait I.contestedOtherDocuments();\nawait I.contestedCheckYourAnswers('Matrimonial');\nI.waitForText('Form A Application', '60')",
              "err": {},
              "uuid": "5a2c38b8-91dc-48f6-a0ef-06f4c9aeb02f",
              "parentUUID": "0b4bd9e8-038d-4863-95af-4682d486492b",
              "isHook": false,
              "skipped": true
            },
            {
              "title": "Contested Schedule 1 Case Creation by Solicitor @nightly",
              "fullTitle": "create Contested case : Contested Schedule 1 Case Creation by Solicitor @nightly",
              "timedOut": false,
              "duration": 0,
              "state": null,
              "speed": null,
              "pass": false,
              "fail": false,
              "pending": false,
              "context": null,
              "code": "I.signInIdam(solicitorUserName, solicitorPassword);\nI.wait('2');\nawait I.createCase('FinancialRemedyContested', 'Form A Application');\nawait I.contestedSolicitorCreate(solRef, 'Schedule1');\nawait I.contestedApplicantDetails();\nawait I.childrenDetails();\nawait I.contestedRespondentDetails();\nawait I.contestedNatureOfApplicationForSchedule1();\nawait I.fastTrack();\nawait I.complexityList();\nawait I.applyingToCourt();\nawait I.mediationQuestion();\nawait I.miamCertification();\nawait I.contestedOtherDocuments();\nawait I.contestedCheckYourAnswers('Schedule1');\nI.waitForText('Form A Application', '60')",
              "err": {},
              "uuid": "431a47b5-5505-4ec9-8ae9-78321052e39d",
              "parentUUID": "0b4bd9e8-038d-4863-95af-4682d486492b",
              "isHook": false,
              "skipped": true
            },
            {
              "title": "Contested Schedule 1 Case Creation by caseworker @nightly",
              "fullTitle": "create Contested case : Contested Schedule 1 Case Creation by caseworker @nightly",
              "timedOut": false,
              "duration": 0,
              "state": null,
              "speed": null,
              "pass": false,
              "fail": false,
              "pending": false,
              "context": null,
              "code": "I.signInIdam(caseWorkerUserName, caseWorkerPassword);\nI.wait('2');\nawait I.createCase('FinancialRemedyContested', 'Form A Application');\nawait I.contestedCaseworkerCreate(caRef, 'Schedule1', true);\nawait I.contestedApplicantDetails();\nawait I.childrenDetails();\nawait I.contestedRespondentDetails();\nawait I.contestedNatureOfApplicationForSchedule1();\nawait I.fastTrack();\nawait I.complexityList();\nawait I.applyingToCourt();\nawait I.mediationQuestion();\nawait I.miamCertification();\nawait I.contestedOtherDocuments();\nawait I.contestedCheckYourAnswers('Schedule1');\nI.waitForText('Form A Application', '60')",
              "err": {},
              "uuid": "90950ea4-640b-40b1-b33a-8d2c0b6acedb",
              "parentUUID": "0b4bd9e8-038d-4863-95af-4682d486492b",
              "isHook": false,
              "skipped": true
            },
            {
              "title": "Contested Matrimonial Case Creation by Caseworker @nightly",
              "fullTitle": "create Contested case : Contested Matrimonial Case Creation by Caseworker @nightly",
              "timedOut": false,
              "duration": 0,
              "state": null,
              "speed": null,
              "pass": false,
              "fail": false,
              "pending": false,
              "context": null,
              "code": "if (nightlyTest === 'true') {\n    //TODO- issue case using API\n  I.signInIdam(caseWorkerUserName, caseWorkerPassword);\n  I.wait('2');\n  await I.createCase('FinancialRemedyContested', 'Form A Application');\n  await I.contestedCaseworkerCreate(caRef, 'Matrimonial', true);\n  await I.contestedDivorceDetails();\n  await I.contestedApplicantDetails();\n  await I.contestedRespondentDetails();\n  await I.contestedNatureOfApplication();\n  await I.fastTrack();\n  await I.complexityList();\n  await I.applyingToCourt();\n  await I.mediationQuestion();\n  await I.miamCertification();\n  await I.contestedOtherDocuments();\n  await I.contestedCheckYourAnswers('Matrimonial');\n  I.waitForText('Form A Application', '60');\n  await I.manualPayment();\n  await I.issueApplication();\n}",
              "err": {},
              "uuid": "be05dd05-be5d-4577-945e-0ae4b52ac4e4",
              "parentUUID": "0b4bd9e8-038d-4863-95af-4682d486492b",
              "isHook": false,
              "skipped": true
            },
            {
              "title": "Upload Case Files (Confidential Documents) @nightly",
              "fullTitle": "create Contested case : Upload Case Files (Confidential Documents) @nightly",
              "timedOut": false,
              "duration": 0,
              "state": null,
              "speed": null,
              "pass": false,
              "fail": false,
              "pending": false,
              "context": null,
              "code": "//login as a caseworker, create contested case\nawait I.signInIdam(caseWorkerUserName, caseWorkerPassword);\nawait I.wait('2');\nawait I.createCase('FinancialRemedyContested', 'Form A Application');\nawait I.contestedCaseworkerCreate(caRef, 'Matrimonial', true);\nawait I.contestedDivorceDetails();\nawait I.contestedApplicantDetails();\nawait I.contestedRespondentDetails();\nawait I.contestedNatureOfApplication();\nawait I.fastTrack();\nawait I.complexityList();\nawait I.applyingToCourt();\nawait I.mediationQuestion();\nawait I.miamCertification();\nawait I.contestedOtherDocuments();\nawait I.contestedCheckYourAnswers('Matrimonial');\nI.waitForText('Form A Application', '60');\nawait I.manualPayment();\nawait I.issueApplication();\nawait I.uploadCaseFiles();\nawait I.verifyContestedConfidentialTabData(verifyTabText.historyTab.uploadCaseFiles, verifyTabText.confidentialDocumentsTab);\nlogger.info('Confidential documents verified on Confidential documents tab');",
              "err": {},
              "uuid": "1f2c617b-93d2-459e-b80f-840cfba61961",
              "parentUUID": "0b4bd9e8-038d-4863-95af-4682d486492b",
              "isHook": false,
              "skipped": true
            },
            {
              "title": "Manage Confidential Documents @nightly",
              "fullTitle": "create Contested case : Manage Confidential Documents @nightly",
              "timedOut": false,
              "duration": 0,
              "state": null,
              "speed": null,
              "pass": false,
              "fail": false,
              "pending": false,
              "context": null,
              "code": "const caseId = await createCaseInCcd(solicitorUserName, solicitorPassword, './test/data/ccd-contested-basic-data.json', 'FinancialRemedyContested', 'FR_solicitorCreate');\n    const caseSubmission = await updateCaseInCcd(solicitorUserName, solicitorPassword, caseId, 'FinancialRemedyContested', 'FR_applicationPaymentSubmission', './test/data/ccd-hwf-contested-payment.json');\n    const hwfPaymentAccepted = await updateCaseInCcd(caseWorkerUserName, caseWorkerPassword, caseId, 'FinancialRemedyContested', 'FR_HWFDecisionMade', './test/data/ccd-contested-basic-data.json');\n    const issueApplication = await updateCaseInCcd(caseWorkerUserName, caseWorkerPassword, caseId, 'FinancialRemedyContested', 'FR_issueApplication', './test/data/ccd-contested-case-worker-issue-data.json');\n    await I.signInIdam(caseWorkerUserName, caseWorkerPassword);\n    await I.amOnPage(`${ccdWebUrl}/v2/case/${caseId}`);\n    await I.manageConfidentialDocuments();\n    logger.info('Manage confidential documents event completed');\n    await I.verifyContestedConfidentialTabData(verifyTabText.historyTab.manageConfidentialDocuments, verifyTabText.confidentialDocumentsTab);\n    logger.info('Confidential documents verified on Confidential documents tab');",
              "err": {},
              "uuid": "28ed0571-7970-4da4-9090-53d7a372c465",
              "parentUUID": "0b4bd9e8-038d-4863-95af-4682d486492b",
              "isHook": false,
              "skipped": true
            },
            {
              "title": "progress to listing for contested case @nightly",
              "fullTitle": "create Contested case : progress to listing for contested case @nightly",
              "timedOut": false,
              "duration": 0,
              "state": null,
              "speed": null,
              "pass": false,
              "fail": false,
              "pending": false,
              "context": null,
              "code": "const caseId = await createCaseInCcd(solicitorUserName, solicitorPassword, './test/data/ccd-contested-basic-data.json', 'FinancialRemedyContested', 'FR_solicitorCreate');\n    const caseSubmission = await updateCaseInCcd(solicitorUserName, solicitorPassword, caseId, 'FinancialRemedyContested', 'FR_applicationPaymentSubmission', './test/data/ccd-hwf-contested-payment.json');\n    const hwfPaymentAccepted = await updateCaseInCcd(caseWorkerUserName, caseWorkerPassword, caseId, 'FinancialRemedyContested', 'FR_HWFDecisionMade', './test/data/ccd-contested-basic-data.json');\n    const issueApplication = await updateCaseInCcd(caseWorkerUserName, caseWorkerPassword, caseId, 'FinancialRemedyContested', 'FR_issueApplication', './test/data/ccd-contested-case-worker-issue-data.json');\n    await I.signInIdam(caseWorkerUserName, caseWorkerPassword);\n    await I.amOnPage(`${ccdWebUrl}/v2/case/${caseId}`);\n    logger.info('---------------------case number------------------------', caseId);\n    logger.info('--------------case worker created case ' +caseId+ ' successfully-----------------');\n    await I.allocateJudge();\n    await I.see('Allocate to Judge');\n    await I.signOut();\n    await I.signInIdam(judgeUserName, judgePassword);\n    await I.waitForText('Judicial Case Manager');\n    await I.enterCaseReference(caseId);\n    await I.see('Gate Keeping And Allocation');\n    await I.giveAllocationDirection();\n    await I.signOut();\n    await I.signInIdam(caseWorkerUserName, caseWorkerPassword);\n    await I.waitForText('Manage Cases');\n    await I.enterCaseReference(caseId);\n    await I.listForHearing();\n     I.waitForText('List for Hearing');",
              "err": {},
              "uuid": "6da4314d-2c46-4d83-b28c-8212094616ba",
              "parentUUID": "0b4bd9e8-038d-4863-95af-4682d486492b",
              "isHook": false,
              "skipped": true
            },
            {
              "title": "Update Contact Details for contested Case @nightly ",
              "fullTitle": "create Contested case : Update Contact Details for contested Case @nightly ",
              "timedOut": false,
              "duration": 0,
              "state": null,
              "speed": null,
              "pass": false,
              "fail": false,
              "pending": false,
              "context": null,
              "code": "//caseworker, type-matrimonial\n  const caseId = await createCaseInCcd(solicitorUserName, solicitorPassword, './test/data/ccd-contested-basic-data.json', 'FinancialRemedyContested', 'FR_solicitorCreate');\n  const caseSubmission = await updateCaseInCcd(solicitorUserName, solicitorPassword, caseId, 'FinancialRemedyContested', 'FR_applicationPaymentSubmission', './test/data/ccd-hwf-contested-payment.json');\n  const hwfPaymentAccepted = await updateCaseInCcd(caseWorkerUserName, caseWorkerPassword, caseId, 'FinancialRemedyContested', 'FR_HWFDecisionMade', './test/data/ccd-contested-basic-data.json');\n  const issueApplication = await updateCaseInCcd(caseWorkerUserName, caseWorkerPassword, caseId, 'FinancialRemedyContested', 'FR_issueApplication', './test/data/ccd-contested-case-worker-issue-data.json');\n  await I.signInIdam(caseWorkerUserName, caseWorkerPassword);\n  await I.amOnPage(`${ccdWebUrl}/v2/case/${caseId}`);\n  await I.updateContactDetails();",
              "err": {},
              "uuid": "6341be3e-8d69-4e31-a589-9c6c09b239af",
              "parentUUID": "0b4bd9e8-038d-4863-95af-4682d486492b",
              "isHook": false,
              "skipped": true
            },
            {
              "title": "Contested Add Note   @nightly ",
              "fullTitle": "create Contested case : Contested Add Note   @nightly ",
              "timedOut": false,
              "duration": 0,
              "state": null,
              "speed": null,
              "pass": false,
              "fail": false,
              "pending": false,
              "context": null,
              "code": "//Matrimonial\n const caseId = await createCaseInCcd(solicitorUserName, solicitorPassword, './test/data/ccd-contested-basic-data.json', 'FinancialRemedyContested', 'FR_solicitorCreate');\n const caseSubmission = await updateCaseInCcd(solicitorUserName, solicitorPassword, caseId, 'FinancialRemedyContested', 'FR_applicationPaymentSubmission', './test/data/ccd-hwf-contested-payment.json');\n const hwfPaymentAccepted = await updateCaseInCcd(caseWorkerUserName, caseWorkerPassword, caseId, 'FinancialRemedyContested', 'FR_HWFDecisionMade', './test/data/ccd-contested-basic-data.json');\n const issueApplication = await updateCaseInCcd(caseWorkerUserName, caseWorkerPassword, caseId, 'FinancialRemedyContested', 'FR_issueApplication', './test/data/ccd-contested-case-worker-issue-data.json');\n   I.signInIdam(caseWorkerUserName, caseWorkerPassword);\n   I.amOnPage(`${ccdWebUrl}/v2/case/${caseId}`);\n   await I.addNote();",
              "err": {},
              "uuid": "f063c7d4-0553-490b-8198-a429b024f2b3",
              "parentUUID": "0b4bd9e8-038d-4863-95af-4682d486492b",
              "isHook": false,
              "skipped": true
            },
            {
              "title": "Contested Add Note   @nightly ",
              "fullTitle": "create Contested case : Contested Add Note   @nightly ",
              "timedOut": false,
              "duration": 0,
              "state": null,
              "speed": null,
              "pass": false,
              "fail": false,
              "pending": false,
              "context": null,
              "code": "//Matrimonial\n const caseId = await createCaseInCcd(solicitorUserName, solicitorPassword, './test/data/ccd-contested-basic-data.json', 'FinancialRemedyContested', 'FR_solicitorCreate');\n const caseSubmission = await updateCaseInCcd(solicitorUserName, solicitorPassword, caseId, 'FinancialRemedyContested', 'FR_applicationPaymentSubmission', './test/data/ccd-hwf-contested-payment.json');\n const hwfPaymentAccepted = await updateCaseInCcd(caseWorkerUserName, caseWorkerPassword, caseId, 'FinancialRemedyContested', 'FR_HWFDecisionMade', './test/data/ccd-contested-basic-data.json');\n const issueApplication = await updateCaseInCcd(caseWorkerUserName, caseWorkerPassword, caseId, 'FinancialRemedyContested', 'FR_issueApplication', './test/data/ccd-contested-case-worker-issue-data.json');\n   I.signInIdam(caseWorkerUserName, caseWorkerPassword);\n   I.amOnPage(`${ccdWebUrl}/v2/case/${caseId}`);\n   await I.addNote();",
              "err": {},
              "uuid": "c7d4a91b-97ac-4a2d-83b7-770e4a435839",
              "parentUUID": "0b4bd9e8-038d-4863-95af-4682d486492b",
              "isHook": false,
              "skipped": true
            },
            {
              "title": "Caseworker refunds an issued case @Johnny",
              "fullTitle": "create Contested case : Caseworker refunds an issued case @Johnny",
              "timedOut": false,
              "duration": 65666,
              "state": "passed",
              "speed": "slow",
              "pass": true,
              "fail": false,
              "pending": false,
              "context": null,
              "code": "console.log(\"Refund test starting\");\n//Using API to create a case as a solicitor\nconst caseId = await createCaseInCcd(solicitorUserName, solicitorPassword, './test/data/ccd-contested-basic-data.json', 'FinancialRemedyContested', 'FR_solicitorCreate');\nconsole.log(\"Case created with ID\" + caseId)\n\n//Using API to submit case\nconst caseSubmission = await updateCaseInCcd(solicitorUserName, solicitorPassword, caseId, 'FinancialRemedyContested', 'FR_applicationPaymentSubmission', './test/data/ccd-hwf-contested-payment.json');\nconsole.log(\"Case submitted\")\nconst hwfPaymentAccepted = await updateCaseInCcd(caseWorkerUserName, caseWorkerPassword, caseId, 'FinancialRemedyContested', 'FR_HWFDecisionMade', './test/data/ccd-contested-basic-data.json');\nconst issueApplication = await updateCaseInCcd(caseWorkerUserName, caseWorkerPassword, caseId, 'FinancialRemedyContested', 'FR_issueApplication', './test/data/ccd-contested-case-worker-issue-data.json');\n//Signing in as a caseworker and navigating to the case\nI.signInIdam(caseWorkerUserName, caseWorkerPassword);\nI.amOnPage(`${ccdWebUrl}/v2/case/${caseId}`);\nawait I.refundCase()",
              "err": {},
              "uuid": "756cf620-1f42-4c60-9c7d-83260f39cbe0",
              "parentUUID": "0b4bd9e8-038d-4863-95af-4682d486492b",
              "isHook": false,
              "skipped": false
            }
          ],
          "suites": [],
          "passes": [
            "756cf620-1f42-4c60-9c7d-83260f39cbe0"
          ],
          "failures": [],
          "pending": [],
          "skipped": [
            "5671d78e-0db1-4429-88a1-52c302d312fa",
            "05396d7c-c8d0-4041-8d30-a5edb3b032e8",
            "5c833428-c4ac-42f3-88b2-7f9322bbd482",
            "ef3d47a8-58d0-45cb-b9dd-8b0ce23e6d19",
            "5865f29c-ba8a-4e07-a3da-41ee01bd7013",
            "76f54551-ffa0-418a-970b-b5f52dc237b3",
            "e799de4b-1a58-4371-bd91-0c9e647c2fcb",
            "916aa777-ad0a-4e69-9461-e29c966cca93",
            "5a2c38b8-91dc-48f6-a0ef-06f4c9aeb02f",
            "431a47b5-5505-4ec9-8ae9-78321052e39d",
            "90950ea4-640b-40b1-b33a-8d2c0b6acedb",
            "be05dd05-be5d-4577-945e-0ae4b52ac4e4",
            "1f2c617b-93d2-459e-b80f-840cfba61961",
            "28ed0571-7970-4da4-9090-53d7a372c465",
            "6da4314d-2c46-4d83-b28c-8212094616ba",
            "6341be3e-8d69-4e31-a589-9c6c09b239af",
            "f063c7d4-0553-490b-8198-a429b024f2b3",
            "c7d4a91b-97ac-4a2d-83b7-770e4a435839"
          ],
          "duration": 65666,
          "root": false,
          "rootEmpty": false,
          "_timeout": 0
        },
        {
          "uuid": "6af38ec8-ec13-495e-af2d-d6fa1b88c6c1",
          "title": "Create Cases for Respondent Journey ",
          "fullFile": "/Users/johnnyvineall/Documents/GitHub/finrem-ccd-definitions/test/functional/contested-respondent_test.js",
          "file": "/test/functional/contested-respondent_test.js",
          "beforeHooks": [
            {
              "title": "\"before all\" hook: codeceptjs.beforeSuite",
              "fullTitle": "Create Cases for Respondent Journey  \"before all\" hook: codeceptjs.beforeSuite",
              "timedOut": false,
              "duration": 0,
              "state": null,
              "speed": null,
              "pass": false,
              "fail": false,
              "pending": false,
              "context": null,
              "code": "scenario.suiteSetup(suite)",
              "err": {},
              "uuid": "6d611561-c09a-479a-aa6b-cf104985590d",
              "parentUUID": null,
              "isHook": true,
              "skipped": false
            },
            {
              "title": "\"before each\" hook: codeceptjs.before",
              "fullTitle": "Create Cases for Respondent Journey  \"before each\" hook: codeceptjs.before",
              "timedOut": false,
              "duration": 0,
              "state": null,
              "speed": null,
              "pass": false,
              "fail": false,
              "pending": false,
              "context": null,
              "code": "scenario.setup(suite)",
              "err": {},
              "uuid": "607c2171-b8cf-4d96-b340-aeec224e9334",
              "parentUUID": null,
              "isHook": true,
              "skipped": false
            }
          ],
          "afterHooks": [
            {
              "title": "\"after all\" hook: codeceptjs.afterSuite",
              "fullTitle": "Create Cases for Respondent Journey  \"after all\" hook: codeceptjs.afterSuite",
              "timedOut": false,
              "duration": 0,
              "state": null,
              "speed": null,
              "pass": false,
              "fail": false,
              "pending": false,
              "context": null,
              "code": "scenario.suiteTeardown(suite)",
              "err": {},
              "uuid": "540ef70b-5e14-42ed-857e-33b2962d1e9e",
              "parentUUID": null,
              "isHook": true,
              "skipped": false
            },
            {
              "title": "\"after each\" hook: finalize codeceptjs",
              "fullTitle": "Create Cases for Respondent Journey  \"after each\" hook: finalize codeceptjs",
              "timedOut": false,
              "duration": 0,
              "state": null,
              "speed": null,
              "pass": false,
              "fail": false,
              "pending": false,
              "context": null,
              "code": "scenario.teardown(suite)",
              "err": {},
              "uuid": "eabe76a3-0b26-4684-995d-db4d7c26365e",
              "parentUUID": null,
              "isHook": true,
              "skipped": false
            }
          ],
          "tests": [
            {
              "title": "Create and assign Contested Case To Respondent @pipeline",
              "fullTitle": "Create Cases for Respondent Journey : Create and assign Contested Case To Respondent @pipeline",
              "timedOut": false,
              "duration": 0,
              "state": null,
              "speed": null,
              "pass": false,
              "fail": false,
              "pending": false,
              "context": null,
              "code": "if (runningEnv === 'demo') {\n  const caseId = await createCaseInCcd(solicitorUserName, solicitorPassword, './test/data/ccd-demo-contested-basic-data.json', 'FinancialRemedyContested', 'FR_solicitorCreate');\n  /* eslint-disable */\n  const caseSubmission = await updateCaseInCcd(solicitorUserName, solicitorPassword, caseId, 'FinancialRemedyContested', 'FR_applicationPaymentSubmission', './test/data/ccd-hwf-contested-payment.json');\n  const hwfPaymentAccepted = await updateCaseInCcd(caseWorkerUserName, caseWorkerPassword, caseId, 'FinancialRemedyContested', 'FR_HWFDecisionMade', './test/data/ccd-demo-contested-basic-data.json');\n  const issueApplication = await updateCaseInCcd(caseWorkerUserName, caseWorkerPassword, caseId, 'FinancialRemedyContested', 'FR_issueApplication', './test/data/ccd-contested-case-worker-issue-data.json');\n  I.signInXuiOrg(caaUsername, caaPassword);\n  I.assignContestedCase(caseId, respondentEmail);\n} else {\n  if (nightlyTest === 'true') {\n    const caseId = await createCaseInCcd(solicitorUserName, solicitorPassword, './test/data/ccd-contested-basic-data.json', 'FinancialRemedyContested', 'FR_solicitorCreate');\n    const caseSubmission = await updateCaseInCcd(solicitorUserName, solicitorPassword, caseId, 'FinancialRemedyContested', 'FR_applicationPaymentSubmission', './test/data/ccd-hwf-contested-payment.json');\n    const hwfPaymentAccepted = await updateCaseInCcd(caseWorkerUserName, caseWorkerPassword, caseId, 'FinancialRemedyContested', 'FR_HWFDecisionMade', './test/data/ccd-contested-basic-data.json');\n    const issueApplication = await updateCaseInCcd(caseWorkerUserName, caseWorkerPassword, caseId, 'FinancialRemedyContested', 'FR_issueApplication', './test/data/ccd-contested-case-worker-issue-data.json');\n    I.signInXuiOrg(caaUsername, caaPassword);\n    I.assignContestedCase(caseId, respondentEmail);\n  }\n}",
              "err": {},
              "uuid": "94d14cd2-2dad-49e5-b56d-e9fb3bc8f455",
              "parentUUID": null,
              "isHook": false,
              "skipped": true
            }
          ],
          "suites": [],
          "passes": [],
          "failures": [],
          "pending": [],
          "skipped": [
            "94d14cd2-2dad-49e5-b56d-e9fb3bc8f455"
          ],
          "duration": 0,
          "root": false,
          "rootEmpty": false,
          "_timeout": 0
        }
      ],
      "passes": [],
      "failures": [],
      "pending": [],
      "skipped": [],
      "duration": 0,
      "root": true,
      "rootEmpty": true,
      "_timeout": 0
    }
  ],
  "meta": {
    "mocha": {
      "version": "6.2.3"
    },
    "mochawesome": {
      "options": {
        "quiet": false,
        "reportFilename": "mochawesome",
        "saveHtml": true,
        "saveJson": true,
        "consoleReporter": "spec",
        "useInlineDiffs": false,
        "code": true
      },
      "version": "6.2.1"
    },
    "marge": {
      "options": {
        "reportDir": "./functional-output/xui",
        "reportName": "FinRemTests",
        "inlineAssets": true
      },
      "version": "5.1.0"
    }
  }
}