{
  "stats": {
    "suites": 0,
    "tests": 0,
    "passes": 0,
    "pending": 0,
    "failures": 0,
    "start": "2023-07-17T15:48:30.621Z",
    "end": "2023-07-17T15:48:30.622Z",
    "duration": 1,
    "testsRegistered": 23,
    "passPercent": 0,
    "pendingPercent": 0,
    "other": 0,
    "hasOther": false,
    "skipped": 23,
    "hasSkipped": true
  },
  "results": [
    {
      "uuid": "072fe230-0b2d-4e45-a9e1-c132b58a7441",
      "title": "",
      "fullFile": "",
      "file": "",
      "beforeHooks": [],
      "afterHooks": [],
      "tests": [],
      "suites": [
        {
          "uuid": "04f38331-a286-42b8-a035-a90b303a0af1",
          "title": "Contested Schedule 1",
          "fullFile": "/Users/johnnyvineall/Documents/GitHub/finrem-ccd-definitions/test/functional/contested_schedule1_test.js",
          "file": "/test/functional/contested_schedule1_test.js",
          "beforeHooks": [
            {
              "title": "\"before all\" hook: codeceptjs.beforeSuite",
              "fullTitle": "Contested Schedule 1 \"before all\" hook: codeceptjs.beforeSuite",
              "timedOut": false,
              "duration": 0,
              "state": null,
              "speed": null,
              "pass": false,
              "fail": false,
              "pending": false,
              "context": null,
              "code": "scenario.suiteSetup(suite)",
              "err": {},
              "uuid": "cb46d825-82d3-4024-86f7-b72579d0cb5e",
              "parentUUID": null,
              "isHook": true,
              "skipped": false
            },
            {
              "title": "\"before each\" hook: codeceptjs.before",
              "fullTitle": "Contested Schedule 1 \"before each\" hook: codeceptjs.before",
              "timedOut": false,
              "duration": 0,
              "state": null,
              "speed": null,
              "pass": false,
              "fail": false,
              "pending": false,
              "context": null,
              "code": "scenario.setup(suite)",
              "err": {},
              "uuid": "2a3a84e6-c1be-411b-b5b1-3a1bbaaab94b",
              "parentUUID": null,
              "isHook": true,
              "skipped": false
            }
          ],
          "afterHooks": [
            {
              "title": "\"after all\" hook: codeceptjs.afterSuite",
              "fullTitle": "Contested Schedule 1 \"after all\" hook: codeceptjs.afterSuite",
              "timedOut": false,
              "duration": 0,
              "state": null,
              "speed": null,
              "pass": false,
              "fail": false,
              "pending": false,
              "context": null,
              "code": "scenario.suiteTeardown(suite)",
              "err": {},
              "uuid": "3da9bde8-4b72-4377-9599-b6dc117b5037",
              "parentUUID": null,
              "isHook": true,
              "skipped": false
            },
            {
              "title": "\"after each\" hook: finalize codeceptjs",
              "fullTitle": "Contested Schedule 1 \"after each\" hook: finalize codeceptjs",
              "timedOut": false,
              "duration": 0,
              "state": null,
              "speed": null,
              "pass": false,
              "fail": false,
              "pending": false,
              "context": null,
              "code": "scenario.teardown(suite)",
              "err": {},
              "uuid": "bdb3398a-ebc4-4705-95c8-174c6780e7f3",
              "parentUUID": null,
              "isHook": true,
              "skipped": false
            }
          ],
          "tests": [
            {
              "title": "Contested Schedule 1 Case Creation by Solicitor @nightly",
              "fullTitle": "Contested Schedule 1: Contested Schedule 1 Case Creation by Solicitor @nightly",
              "timedOut": false,
              "duration": 0,
              "state": null,
              "speed": null,
              "pass": false,
              "fail": false,
              "pending": false,
              "context": null,
              "code": "I.signInIdam(solicitorUserName, solicitorPassword);\nI.wait('2');\nawait I.createCase('FinancialRemedyContested', 'Form A Application');\nawait I.contestedSolicitorCreate(solRef, 'Schedule1');\nawait I.contestedApplicantDetails();\nawait I.childrenDetails();\nawait I.contestedRespondentDetails();\nawait I.contestedNatureOfApplicationForSchedule1();\nawait I.fastTrack();\nawait I.complexityList();\nawait I.applyingToCourt();\nawait I.mediationQuestion();\nawait I.miamCertification();\nawait I.contestedOtherDocuments();\nawait I.contestedCheckYourAnswers('Schedule1');\nI.waitForText('Form A Application', '60')",
              "err": {},
              "uuid": "f4f8f0fa-4327-4106-b8d3-9a81b1f7cca8",
              "parentUUID": null,
              "isHook": false,
              "skipped": true
            },
            {
              "title": "Contested Schedule 1 Case Creation by caseworker @nightly",
              "fullTitle": "Contested Schedule 1: Contested Schedule 1 Case Creation by caseworker @nightly",
              "timedOut": false,
              "duration": 0,
              "state": null,
              "speed": null,
              "pass": false,
              "fail": false,
              "pending": false,
              "context": null,
              "code": "I.signInIdam(caseWorkerUserName, caseWorkerPassword);\nI.wait('2');\nawait I.createCase('FinancialRemedyContested', 'Form A Application');\nawait I.contestedCaseworkerCreate(caRef, 'Schedule1', true);\nawait I.contestedApplicantDetails();\nawait I.childrenDetails();\nawait I.contestedRespondentDetails();\nawait I.contestedNatureOfApplicationForSchedule1();\nawait I.fastTrack();\nawait I.complexityList();\nawait I.applyingToCourt();\nawait I.mediationQuestion();\nawait I.miamCertification();\nawait I.contestedOtherDocuments();\nawait I.contestedCheckYourAnswers('Schedule1');\nI.waitForText('Form A Application', '60')",
              "err": {},
              "uuid": "42470899-f81c-46d7-8fd5-c610ee84375f",
              "parentUUID": null,
              "isHook": false,
              "skipped": true
            },
            {
              "title": "Contested Schedule 1 Case Creation by Solicitor using API call @nightly",
              "fullTitle": "Contested Schedule 1: Contested Schedule 1 Case Creation by Solicitor using API call @nightly",
              "timedOut": false,
              "duration": 0,
              "state": null,
              "speed": null,
              "pass": false,
              "fail": false,
              "pending": false,
              "context": null,
              "code": "//The json file used to create case is new case data - this can be used to create a case via solicitor, case type schedule 1.\n   const caseId = await createCaseInCcd(solicitorUserName, solicitorPassword, './test/data/ccd-contested-schedule1-solicitor-create-case.json', 'FinancialRemedyContested', 'FR_solicitorCreate');\nawait I.signInIdam(solicitorUserName, solicitorPassword);\nawait I.amOnPage(`${ccdWebUrl}/v2/case/${caseId}`);\nawait I.schedule1Tab(verifyTabText.Schedule1Tab.tabName);\nlogger.info('Schedule 1 tab verified...')",
              "err": {},
              "uuid": "97bcfb37-139d-4d0a-9063-49717982b7fd",
              "parentUUID": null,
              "isHook": false,
              "skipped": true
            }
          ],
          "suites": [],
          "passes": [],
          "failures": [],
          "pending": [],
          "skipped": [
            "f4f8f0fa-4327-4106-b8d3-9a81b1f7cca8",
            "42470899-f81c-46d7-8fd5-c610ee84375f",
            "97bcfb37-139d-4d0a-9063-49717982b7fd"
          ],
          "duration": 0,
          "root": false,
          "rootEmpty": false,
          "_timeout": 0
        },
        {
          "uuid": "da18515f-f9df-4771-bdd7-845414fd18ef",
          "title": "create Contested case ",
          "fullFile": "/Users/johnnyvineall/Documents/GitHub/finrem-ccd-definitions/test/functional/contested_test.js",
          "file": "/test/functional/contested_test.js",
          "beforeHooks": [
            {
              "title": "\"before all\" hook: codeceptjs.beforeSuite",
              "fullTitle": "create Contested case  \"before all\" hook: codeceptjs.beforeSuite",
              "timedOut": false,
              "duration": 0,
              "state": null,
              "speed": null,
              "pass": false,
              "fail": false,
              "pending": false,
              "context": null,
              "code": "scenario.suiteSetup(suite)",
              "err": {},
              "uuid": "e9a34e85-3b53-4e45-9164-ee57507763cb",
              "parentUUID": null,
              "isHook": true,
              "skipped": false
            },
            {
              "title": "\"before each\" hook: codeceptjs.before",
              "fullTitle": "create Contested case  \"before each\" hook: codeceptjs.before",
              "timedOut": false,
              "duration": 0,
              "state": null,
              "speed": null,
              "pass": false,
              "fail": false,
              "pending": false,
              "context": null,
              "code": "scenario.setup(suite)",
              "err": {},
              "uuid": "df0f9ca9-592e-41c5-903c-f02c3ad2ab98",
              "parentUUID": null,
              "isHook": true,
              "skipped": false
            }
          ],
          "afterHooks": [
            {
              "title": "\"after all\" hook: codeceptjs.afterSuite",
              "fullTitle": "create Contested case  \"after all\" hook: codeceptjs.afterSuite",
              "timedOut": false,
              "duration": 0,
              "state": null,
              "speed": null,
              "pass": false,
              "fail": false,
              "pending": false,
              "context": null,
              "code": "scenario.suiteTeardown(suite)",
              "err": {},
              "uuid": "0ea5e66c-e8ca-441f-bd9e-d6b85570ddae",
              "parentUUID": null,
              "isHook": true,
              "skipped": false
            },
            {
              "title": "\"after each\" hook: finalize codeceptjs",
              "fullTitle": "create Contested case  \"after each\" hook: finalize codeceptjs",
              "timedOut": false,
              "duration": 0,
              "state": null,
              "speed": null,
              "pass": false,
              "fail": false,
              "pending": false,
              "context": null,
              "code": "scenario.teardown(suite)",
              "err": {},
              "uuid": "d14c7619-e190-4648-a0a8-bbb00dd8c302",
              "parentUUID": null,
              "isHook": true,
              "skipped": false
            }
          ],
          "tests": [
            {
              "title": "Contested Case Creation For Caseworker @nightly",
              "fullTitle": "create Contested case : Contested Case Creation For Caseworker @nightly",
              "timedOut": false,
              "duration": 0,
              "state": null,
              "speed": null,
              "pass": false,
              "fail": false,
              "pending": false,
              "context": null,
              "code": "if (runningEnv === 'demo') {\n  const caseId = await createCaseInCcd(solicitorUserName, solicitorPassword, './test/data/ccd-demo-contested-basic-data.json', 'FinancialRemedyContested', 'FR_solicitorCreate');\n  /* eslint-disable */\n  const caseSubmission = await updateCaseInCcd(solicitorUserName, solicitorPassword, caseId, 'FinancialRemedyContested', 'FR_applicationPaymentSubmission', './test/data/ccd-hwf-contested-payment.json');\n  const hwfPaymentAccepted = await updateCaseInCcd(caseWorkerUserName, caseWorkerPassword, caseId, 'FinancialRemedyContested', 'FR_HWFDecisionMade', './test/data/ccd-demo-contested-basic-data.json');\n} else {\n  const caseId = await createCaseInCcd(solicitorUserName, solicitorPassword, './test/data/ccd-contested-basic-data.json', 'FinancialRemedyContested', 'FR_solicitorCreate');\n  const caseSubmission = await updateCaseInCcd(solicitorUserName, solicitorPassword, caseId, 'FinancialRemedyContested', 'FR_applicationPaymentSubmission', './test/data/ccd-hwf-contested-payment.json');\n  const hwfPaymentAccepted = await updateCaseInCcd(caseWorkerUserName, caseWorkerPassword, caseId, 'FinancialRemedyContested', 'FR_HWFDecisionMade', './test/data/ccd-contested-basic-data.json');\n  /* eslint-enable */\n  I.signInIdam(caseWorkerUserName, caseWorkerPassword);\n  I.amOnPage(`${ccdWebUrl}/v2/case/${caseId}`);\n  // eslint-disable-next-line max-len\n  I.verifyContestedTabData(verifyTabText.caseType, verifyTabText.historyTab.hwfPaymentAcceptedEvent, verifyTabText.historyTab.hwfPaymentAcceptedEndState);\n}",
              "err": {},
              "uuid": "2960f6c6-7176-4702-8d96-b032ae2a2a5a",
              "parentUUID": null,
              "isHook": false,
              "skipped": true
            },
            {
              "title": "Contested Case Creation For Judge @nightly",
              "fullTitle": "create Contested case : Contested Case Creation For Judge @nightly",
              "timedOut": false,
              "duration": 0,
              "state": null,
              "speed": null,
              "pass": false,
              "fail": false,
              "pending": false,
              "context": null,
              "code": "if (runningEnv === 'demo') {\n  const caseId = await createCaseInCcd(solicitorUserName, solicitorPassword, './test/data/ccd-demo-contested-basic-data.json', 'FinancialRemedyContested', 'FR_solicitorCreate');\n  /* eslint-disable */\n  const caseSubmission = await updateCaseInCcd(solicitorUserName, solicitorPassword, caseId, 'FinancialRemedyContested', 'FR_applicationPaymentSubmission', './test/data/ccd-hwf-contested-payment.json');\n  const hwfPaymentAccepted = await updateCaseInCcd(caseWorkerUserName, caseWorkerPassword, caseId, 'FinancialRemedyContested', 'FR_HWFDecisionMade', './test/data/ccd-demo-contested-basic-data.json');\n  const issueApplication = await updateCaseInCcd(caseWorkerUserName, caseWorkerPassword, caseId, 'FinancialRemedyContested', 'FR_issueApplication', './test/data/ccd-contested-case-worker-issue-data.json');\n  const assignToJudge = await updateCaseInCcd(caseWorkerUserName, caseWorkerPassword, caseId, 'FinancialRemedyContested', 'FR_allocateToJudge', './test/data/ccd-contested-case-worker-issue-data.json');\n} else {\n  const caseId = await createCaseInCcd(solicitorUserName, solicitorPassword, './test/data/ccd-contested-basic-data.json', 'FinancialRemedyContested', 'FR_solicitorCreate');\n  const caseSubmission = await updateCaseInCcd(solicitorUserName, solicitorPassword, caseId, 'FinancialRemedyContested', 'FR_applicationPaymentSubmission', './test/data/ccd-hwf-contested-payment.json');\n  const hwfPaymentAccepted = await updateCaseInCcd(caseWorkerUserName, caseWorkerPassword, caseId, 'FinancialRemedyContested', 'FR_HWFDecisionMade', './test/data/ccd-contested-basic-data.json');\n  const issueApplication = await updateCaseInCcd(caseWorkerUserName, caseWorkerPassword, caseId, 'FinancialRemedyContested', 'FR_issueApplication', './test/data/ccd-contested-case-worker-issue-data.json');\n  const assignToJudge = await updateCaseInCcd(caseWorkerUserName, caseWorkerPassword, caseId, 'FinancialRemedyContested', 'FR_allocateToJudge', './test/data/ccd-contested-case-worker-issue-data.json');\n  /* eslint-enable */\n  I.signInIdam(caseWorkerUserName, caseWorkerPassword);\n  I.amOnPage(`${ccdWebUrl}/v2/case/${caseId}`);\n  // eslint-disable-next-line max-len\n  I.verifyContestedTabData(verifyTabText.caseType, verifyTabText.historyTab.assignToJudgeEvent, verifyTabText.historyTab.assignToJudgeEndState);\n  I.adminNotesTab(verifyTabText.caseType, verifyTabText.adminNotesTab.tabName);\n}",
              "err": {},
              "uuid": "073fc410-ad1d-461e-9626-31c75026ec7a",
              "parentUUID": null,
              "isHook": false,
              "skipped": true
            },
            {
              "title": "Contested Case Creation For Ready For Hearing @nightly",
              "fullTitle": "create Contested case : Contested Case Creation For Ready For Hearing @nightly",
              "timedOut": false,
              "duration": 0,
              "state": null,
              "speed": null,
              "pass": false,
              "fail": false,
              "pending": false,
              "context": null,
              "code": "const caseId = await createCaseInCcd(solicitorUserName, solicitorPassword, './test/data/ccd-contested-basic-data.json', 'FinancialRemedyContested', 'FR_solicitorCreate');\n/* eslint-disable */\nconst caseSubmission = await updateCaseInCcd(solicitorUserName, solicitorPassword, caseId, 'FinancialRemedyContested', 'FR_applicationPaymentSubmission', './test/data/ccd-hwf-contested-payment.json');\nconst hwfPaymentAccepted = await updateCaseInCcd(caseWorkerUserName, caseWorkerPassword, caseId, 'FinancialRemedyContested', 'FR_HWFDecisionMade', './test/data/ccd-contested-basic-data.json');\nconst issueApplication = await updateCaseInCcd(caseWorkerUserName, caseWorkerPassword, caseId, 'FinancialRemedyContested', 'FR_issueApplication', './test/data/ccd-contested-case-worker-issue-data.json');\nconst assignToJudge = await updateCaseInCcd(caseWorkerUserName, caseWorkerPassword, caseId, 'FinancialRemedyContested', 'FR_allocateToJudge', './test/data/ccd-contested-case-worker-issue-data.json');\nconst allocationDirections = await updateCaseInCcd(judgeUserName, judgePassword, caseId, 'FinancialRemedyContested', 'FR_giveAllocationDirections', './test/data/ccd-contested-allocation-directions.json');\nconst listForHearing = await updateCaseInCcd(caseWorkerUserName, caseWorkerPassword, caseId, 'FinancialRemedyContested', 'FR_addSchedulingListingInfo', './test/data/ccd-contested-list-for-hearing.json');\nconst submitUploadCaseFiles = await updateCaseInCcd(caseWorkerUserName, caseWorkerPassword, caseId, 'FinancialRemedyContested', 'FR_submitUploadedCaseFiles', './test/data/ccd-contested-list-for-hearing.json');\n/* eslint-enable */\nI.signInIdam(caseWorkerUserName, caseWorkerPassword);\nI.amOnPage(`${ccdWebUrl}/v2/case/${caseId}`);\n// eslint-disable-next-line max-len\nI.verifyContestedTabData(verifyTabText.caseType, verifyTabText.historyTab.submitUploadCaseFilesEvent, verifyTabText.historyTab.submitUploadCaseFilesEndState);\nI.schedulingAndListingTab(verifyTabText.caseType, verifyTabText.schedulingAndListingTab.tabName);\nI.adminNotesTab(verifyTabText.caseType, verifyTabText.adminNotesTab.tabName);",
              "err": {},
              "uuid": "a7207f6a-8009-4722-b259-43680508ecef",
              "parentUUID": null,
              "isHook": false,
              "skipped": true
            },
            {
              "title": "Contested Case Approved and Send Order  @nightly",
              "fullTitle": "create Contested case : Contested Case Approved and Send Order  @nightly",
              "timedOut": false,
              "duration": 0,
              "state": null,
              "speed": null,
              "pass": false,
              "fail": false,
              "pending": false,
              "context": null,
              "code": "const caseId = await createCaseInCcd(solicitorUserName, solicitorPassword, './test/data/ccd-contested-basic-data.json', 'FinancialRemedyContested', 'FR_solicitorCreate');\n/* eslint-disable */\nconst caseSubmission = await updateCaseInCcd(solicitorUserName, solicitorPassword, caseId, 'FinancialRemedyContested', 'FR_applicationPaymentSubmission', './test/data/ccd-hwf-contested-payment.json');\nconst hwfPaymentAccepted = await updateCaseInCcd(caseWorkerUserName, caseWorkerPassword, caseId, 'FinancialRemedyContested', 'FR_HWFDecisionMade', './test/data/ccd-contested-basic-data.json');\nconst issueApplication = await updateCaseInCcd(caseWorkerUserName, caseWorkerPassword, caseId, 'FinancialRemedyContested', 'FR_issueApplication', './test/data/ccd-contested-case-worker-issue-data.json');\nconst assignToJudge = await updateCaseInCcd(caseWorkerUserName, caseWorkerPassword, caseId, 'FinancialRemedyContested', 'FR_allocateToJudge', './test/data/ccd-contested-case-worker-issue-data.json');\nconst allocationDirections = await updateCaseInCcd(judgeUserName, judgePassword, caseId, 'FinancialRemedyContested', 'FR_giveAllocationDirections', './test/data/ccd-contested-allocation-directions.json');\nconst listForHearing = await updateCaseInCcd(caseWorkerUserName, caseWorkerPassword, caseId, 'FinancialRemedyContested', 'FR_addSchedulingListingInfo', './test/data/ccd-contested-list-for-hearing.json');\nconst submitUploadCaseFiles = await updateCaseInCcd(caseWorkerUserName, caseWorkerPassword, caseId, 'FinancialRemedyContested', 'FR_submitUploadedCaseFiles', './test/data/ccd-contested-list-for-hearing.json');\nconst solicitorDraftDirectionOrder = await updateCaseInCcd(solicitorUserName, solicitorPassword, caseId, 'FinancialRemedyContested', 'FR_solicitorDraftDirectionOrder', './test/data/ccd-contested-solicitor-draft-direction-order.json');\nconst draftOrderApproved = await updateCaseInCcd(judgeUserName, judgePassword, caseId, 'FinancialRemedyContested', 'FR_draftOrderApproved', './test/data/ccd-contested-judge-approved.json');\nconst uploadOrder = await updateCaseInCcd(caseWorkerUserName, caseWorkerPassword, caseId, 'FinancialRemedyContested', 'FR_directionOrder', './test/data/ccd-contested-caseworker-upload-order.json');\nconst sendOrder = await updateCaseInCcd(caseWorkerUserName, caseWorkerPassword, caseId, 'FinancialRemedyContested', 'FR_sendOrder', './test/data/ccd-caseworker-send-order.json');\n/* eslint-enable */\nI.signInIdam(caseWorkerUserName, caseWorkerPassword);\nI.amOnPage(`${ccdWebUrl}/v2/case/${caseId}`);\n// eslint-disable-next-line max-len\nI.verifyContestedTabData(verifyTabText.caseType, verifyTabText.historyTab.sendOrderEvent, verifyTabText.historyTab.sendOrderState);\nI.wait(2);\nI.click({css: '.mat-tab-header-pagination-after'});\nI.adminNotesTab(verifyTabText.caseType, verifyTabText.adminNotesTab.tabName);\nI.contestedOrderTab(verifyTabText.caseType, verifyTabText.OrdersTab.tabName);",
              "err": {},
              "uuid": "bd1621de-df3d-4e75-b789-d9446a6128e1",
              "parentUUID": null,
              "isHook": false,
              "skipped": true
            },
            {
              "title": "Consented case in Contested @nightly",
              "fullTitle": "create Contested case : Consented case in Contested @nightly",
              "timedOut": false,
              "duration": 0,
              "state": null,
              "speed": null,
              "pass": false,
              "fail": false,
              "pending": false,
              "context": null,
              "code": "if (runningEnv === 'demo') {\n  const caseId = await createCaseInCcd(solicitorUserName, solicitorPassword, './test/data/ccd-demo-contested-basic-data.json', 'FinancialRemedyContested', 'FR_solicitorCreate');\n  /* eslint-disable */\n  const caseSubmission = await updateCaseInCcd(solicitorUserName, solicitorPassword, caseId, 'FinancialRemedyContested', 'FR_applicationPaymentSubmission', './test/data/ccd-hwf-contested-payment.json');\n  const hwfPaymentAccepted = await updateCaseInCcd(caseWorkerUserName, caseWorkerPassword, caseId, 'FinancialRemedyContested', 'FR_HWFDecisionMade', './test/data/ccd-demo-contested-basic-data.json');\n  const issueApplication = await updateCaseInCcd(caseWorkerUserName, caseWorkerPassword, caseId, 'FinancialRemedyContested', 'FR_issueApplication', './test/data/ccd-contested-case-worker-issue-data.json');\n  const contestToConsent = await updateCaseInCcd(caseWorkerUserName, caseWorkerPassword, caseId, 'FinancialRemedyContested', 'FR_consentOrder', './test/data/ccd-demo-contested-to-consented.json');\n} else {\n  const caseId = await createCaseInCcd(solicitorUserName, solicitorPassword, './test/data/ccd-contested-basic-data.json', 'FinancialRemedyContested', 'FR_solicitorCreate');\n  const caseSubmission = await updateCaseInCcd(solicitorUserName, solicitorPassword, caseId, 'FinancialRemedyContested', 'FR_applicationPaymentSubmission', './test/data/ccd-hwf-contested-payment.json');\n  const hwfPaymentAccepted = await updateCaseInCcd(caseWorkerUserName, caseWorkerPassword, caseId, 'FinancialRemedyContested', 'FR_HWFDecisionMade', './test/data/ccd-contested-basic-data.json');\n  const issueApplication = await updateCaseInCcd(caseWorkerUserName, caseWorkerPassword, caseId, 'FinancialRemedyContested', 'FR_issueApplication', './test/data/ccd-contested-case-worker-issue-data.json');\n  const contestToConsent = await updateCaseInCcd(caseWorkerUserName, caseWorkerPassword, caseId, 'FinancialRemedyContested', 'FR_consentOrder', './test/data/ccd-contested-to-consented.json');\n  /* eslint-enable */\n  I.signInIdam(caseWorkerUserName, caseWorkerPassword);\n  I.amOnPage(`${ccdWebUrl}/v2/case/${caseId}`);\n  // eslint-disable-next-line max-len\n  I.verifyContestedTabData(verifyTabText.caseType, verifyTabText.historyTab.consentOrderEvent, verifyTabText.historyTab.consentOrderEndState);\n  I.adminNotesTab(verifyTabText.caseType, verifyTabText.adminNotesTab.tabName);\n  I.consentOrderProcessTab(verifyTabText.caseType, verifyTabText.consentOrderProcessTab.tabName);\n}",
              "err": {},
              "uuid": "63c84faa-5df0-4459-8f2b-5bcd22c3432a",
              "parentUUID": null,
              "isHook": false,
              "skipped": true
            },
            {
              "title": "Consented case in Contested Assigned to Judge @nightly",
              "fullTitle": "create Contested case : Consented case in Contested Assigned to Judge @nightly",
              "timedOut": false,
              "duration": 0,
              "state": null,
              "speed": null,
              "pass": false,
              "fail": false,
              "pending": false,
              "context": null,
              "code": "const caseId = await createCaseInCcd(solicitorUserName, solicitorPassword, './test/data/ccd-contested-basic-data.json', 'FinancialRemedyContested', 'FR_solicitorCreate');\n/* eslint-disable */\nconst caseSubmission = await updateCaseInCcd(solicitorUserName, solicitorPassword, caseId, 'FinancialRemedyContested', 'FR_applicationPaymentSubmission', './test/data/ccd-hwf-contested-payment.json');\nconst hwfPaymentAccepted = await updateCaseInCcd(caseWorkerUserName, caseWorkerPassword, caseId, 'FinancialRemedyContested', 'FR_HWFDecisionMade', './test/data/ccd-contested-basic-data.json');\nconst issueApplication = await updateCaseInCcd(caseWorkerUserName, caseWorkerPassword, caseId, 'FinancialRemedyContested', 'FR_issueApplication', './test/data/ccd-contested-case-worker-issue-data.json');\nconst contestToConsent = await updateCaseInCcd(caseWorkerUserName, caseWorkerPassword, caseId, 'FinancialRemedyContested', 'FR_consentOrder', './test/data/ccd-contested-to-consented.json');\nconst contestAssignToJudge = await updateCaseInCcd(caseWorkerUserName, caseWorkerPassword, caseId, 'FinancialRemedyContested', 'FR_assignToJudgeConsent', './test/data/ccd-contested-to-consented.json');\n/* eslint-enable */\nI.signInIdam(caseWorkerUserName, caseWorkerPassword);\nI.amOnPage(`${ccdWebUrl}/v2/case/${caseId}`);\n// eslint-disable-next-line max-len\nI.verifyContestedTabData(verifyTabText.caseType, verifyTabText.historyTab.assignToJudgeConsentEvent, verifyTabText.historyTab.assignToJudgeConsentEndState);\nI.adminNotesTab(verifyTabText.caseType, verifyTabText.adminNotesTab.tabName);\nI.consentOrderProcessTab(verifyTabText.caseType, verifyTabText.consentOrderProcessTab.tabName);",
              "err": {},
              "uuid": "bc91c1b8-5693-4d9c-a8a7-440f927eaa48",
              "parentUUID": null,
              "isHook": false,
              "skipped": true
            },
            {
              "title": "Contested Paper Case Creation @nightly",
              "fullTitle": "create Contested case : Contested Paper Case Creation @nightly",
              "timedOut": false,
              "duration": 0,
              "state": null,
              "speed": null,
              "pass": false,
              "fail": false,
              "pending": false,
              "context": null,
              "code": "if (runningEnv === 'demo') {\n  const caseId = await createCaseInCcd(caseWorkerUserName, caseWorkerPassword, './test/data/ccd-demo-contested-paper-case-basic-data.json', 'FinancialRemedyContested', 'FR_newPaperCase');\n  /* eslint-disable */\n  const manualPayment = await updateCaseInCcd(caseWorkerUserName, caseWorkerPassword, caseId, 'FinancialRemedyContested', 'FR_manualPayment', './test/data/ccd-demo-contested-paper-case-basic-data.json');\n} else {\n  const caseId = await createCaseInCcd(caseWorkerUserName, caseWorkerPassword, './test/data/ccd-contested-paper-case-basic-data.json', 'FinancialRemedyContested', 'FR_newPaperCase');\n  const manualPayment = await updateCaseInCcd(caseWorkerUserName, caseWorkerPassword, caseId, 'FinancialRemedyContested', 'FR_manualPayment', './test/data/ccd-contested-paper-case-basic-data.json');\n  /* eslint-enable */\n  I.signInIdam(caseWorkerUserName, caseWorkerPassword);\n  I.amOnPage(`${ccdWebUrl}/v2/case/${caseId}`);\n  // eslint-disable-next-line max-len\n  I.verifyContestedPaperTabData(verifyContestedPaperTabText.caseType, verifyContestedPaperTabText.historyTab.manualPaymentEvent, verifyContestedPaperTabText.historyTab.manualPaymentEndState);\n}",
              "err": {},
              "uuid": "d8adbec0-1119-4b99-85b2-9be47072929c",
              "parentUUID": null,
              "isHook": false,
              "skipped": true
            },
            {
              "title": "Contested share case @nightly",
              "fullTitle": "create Contested case : Contested share case @nightly",
              "timedOut": false,
              "duration": 0,
              "state": null,
              "speed": null,
              "pass": false,
              "fail": false,
              "pending": false,
              "context": null,
              "code": "/* eslint-disable */\n  const caseId = await createCaseInCcd(solicitorUserName, solicitorPassword, './test/data/ccd-contested-basic-data.json', 'FinancialRemedyContested', 'FR_solicitorCreate');\n  const caseSubmission = await updateCaseInCcd(solicitorUserName, solicitorPassword, caseId, 'FinancialRemedyContested', 'FR_applicationPaymentSubmission', './test/data/ccd-hwf-contested-payment.json');\n  const hwfPaymentAccepted = await updateCaseInCcd(caseWorkerUserName, caseWorkerPassword, caseId, 'FinancialRemedyContested', 'FR_HWFDecisionMade', './test/data/ccd-contested-basic-data.json',solRef);\n  /* eslint-enable */\n  I.signInIdam(solicitorUserName, solicitorPassword);\n  I.assignContestedShareCase(caseId, solRef);",
              "err": {},
              "uuid": "2faf73ed-f550-427b-a2eb-950e89d15d8d",
              "parentUUID": null,
              "isHook": false,
              "skipped": true
            },
            {
              "title": "Contested Matrimonial Case Creation by Solicitor @nightly",
              "fullTitle": "create Contested case : Contested Matrimonial Case Creation by Solicitor @nightly",
              "timedOut": false,
              "duration": 0,
              "state": null,
              "speed": null,
              "pass": false,
              "fail": false,
              "pending": false,
              "context": null,
              "code": "I.signInIdam(solicitorUserName, solicitorPassword);\nI.wait('2');\nawait I.createCase('FinancialRemedyContested', 'Form A Application');\nawait I.contestedSolicitorCreate(solRef, 'Matrimonial');\nawait I.contestedDivorceDetails();\nawait I.contestedApplicantDetails();\nawait I.contestedRespondentDetails();\nawait I.contestedNatureOfApplication();\nawait I.fastTrack();\nawait I.complexityList();\nawait I.applyingToCourt();\nawait I.mediationQuestion();\nawait I.miamCertification();\nawait I.contestedOtherDocuments();\nawait I.contestedCheckYourAnswers('Matrimonial');\nI.waitForText('Form A Application', '60')",
              "err": {},
              "uuid": "e583467c-143d-49a2-9183-dfcf9119d51a",
              "parentUUID": null,
              "isHook": false,
              "skipped": true
            },
            {
              "title": "Contested Schedule 1 Case Creation by Solicitor @nightly",
              "fullTitle": "create Contested case : Contested Schedule 1 Case Creation by Solicitor @nightly",
              "timedOut": false,
              "duration": 0,
              "state": null,
              "speed": null,
              "pass": false,
              "fail": false,
              "pending": false,
              "context": null,
              "code": "I.signInIdam(solicitorUserName, solicitorPassword);\nI.wait('2');\nawait I.createCase('FinancialRemedyContested', 'Form A Application');\nawait I.contestedSolicitorCreate(solRef, 'Schedule1');\nawait I.contestedApplicantDetails();\nawait I.childrenDetails();\nawait I.contestedRespondentDetails();\nawait I.contestedNatureOfApplicationForSchedule1();\nawait I.fastTrack();\nawait I.complexityList();\nawait I.applyingToCourt();\nawait I.mediationQuestion();\nawait I.miamCertification();\nawait I.contestedOtherDocuments();\nawait I.contestedCheckYourAnswers('Schedule1');\nI.waitForText('Form A Application', '60')",
              "err": {},
              "uuid": "eb11e59d-8ab2-41c9-bc40-0b512b34bcda",
              "parentUUID": null,
              "isHook": false,
              "skipped": true
            },
            {
              "title": "Contested Schedule 1 Case Creation by caseworker @nightly",
              "fullTitle": "create Contested case : Contested Schedule 1 Case Creation by caseworker @nightly",
              "timedOut": false,
              "duration": 0,
              "state": null,
              "speed": null,
              "pass": false,
              "fail": false,
              "pending": false,
              "context": null,
              "code": "I.signInIdam(caseWorkerUserName, caseWorkerPassword);\nI.wait('2');\nawait I.createCase('FinancialRemedyContested', 'Form A Application');\nawait I.contestedCaseworkerCreate(caRef, 'Schedule1', true);\nawait I.contestedApplicantDetails();\nawait I.childrenDetails();\nawait I.contestedRespondentDetails();\nawait I.contestedNatureOfApplicationForSchedule1();\nawait I.fastTrack();\nawait I.complexityList();\nawait I.applyingToCourt();\nawait I.mediationQuestion();\nawait I.miamCertification();\nawait I.contestedOtherDocuments();\nawait I.contestedCheckYourAnswers('Schedule1');\nI.waitForText('Form A Application', '60')",
              "err": {},
              "uuid": "6889563f-cf82-4903-9cca-5ca1afc52a85",
              "parentUUID": null,
              "isHook": false,
              "skipped": true
            },
            {
              "title": "Contested Matrimonial Case Creation by Caseworker @nightly @preview",
              "fullTitle": "create Contested case : Contested Matrimonial Case Creation by Caseworker @nightly @preview",
              "timedOut": false,
              "duration": 0,
              "state": null,
              "speed": null,
              "pass": false,
              "fail": false,
              "pending": false,
              "context": null,
              "code": "I.signInIdam(caseWorkerUserName, caseWorkerPassword);\nI.wait('2');\nawait I.createCase('FinancialRemedyContested', 'Form A Application');\nawait I.contestedCaseworkerCreate(caRef, 'Matrimonial', true);\nawait I.contestedDivorceDetails();\nawait I.contestedApplicantDetails();\nawait I.contestedRespondentDetails();\nawait I.contestedNatureOfApplication();\nawait I.fastTrack();\nawait I.complexityList();\nawait I.applyingToCourt();\nawait I.mediationQuestion();\nawait I.miamCertification();\nawait I.contestedOtherDocuments();\nawait I.contestedCheckYourAnswers('Matrimonial');\nI.waitForText('Form A Application', '60');\nawait I.manualPayment();\nawait I.issueApplication();",
              "err": {},
              "uuid": "f03bd468-93db-43fb-80d9-feefaf5f5ce5",
              "parentUUID": null,
              "isHook": false,
              "skipped": true
            },
            {
              "title": "Manage Confidential Documents",
              "fullTitle": "create Contested case : Manage Confidential Documents",
              "timedOut": false,
              "duration": 0,
              "state": null,
              "speed": null,
              "pass": false,
              "fail": false,
              "pending": false,
              "context": null,
              "code": "//login as a caseworker, create contested case\nawait I.signInIdam(caseWorkerUserName, caseWorkerPassword);\nawait I.wait('2');\nawait I.createCase('FinancialRemedyContested', 'Form A Application');\nawait I.contestedCaseworkerCreate(caRef, 'Matrimonial', true);\nawait I.contestedDivorceDetails();\nawait I.contestedApplicantDetails();\nawait I.contestedRespondentDetails();\nawait I.contestedNatureOfApplication();\nawait I.fastTrack();\nawait I.complexityList();\nawait I.applyingToCourt();\nawait I.mediationQuestion();\nawait I.miamCertification();\nawait I.contestedOtherDocuments();\nawait I.contestedCheckYourAnswers('Matrimonial');\nI.waitForText('Form A Application', '60');\nawait I.manualPayment();\nawait I.issueApplication();\n//TODO - update test Manage Confidential Documents",
              "err": {},
              "uuid": "810e7ea2-4077-4550-8884-91229ee82293",
              "parentUUID": null,
              "isHook": false,
              "skipped": true
            },
            {
              "title": "Manage Confidential Documents @nightly",
              "fullTitle": "create Contested case : Manage Confidential Documents @nightly",
              "timedOut": false,
              "duration": 0,
              "state": null,
              "speed": null,
              "pass": false,
              "fail": false,
              "pending": false,
              "context": null,
              "code": "const caseId = await createCaseInCcd(solicitorUserName, solicitorPassword, './test/data/ccd-contested-basic-data.json', 'FinancialRemedyContested', 'FR_solicitorCreate');\n    const caseSubmission = await updateCaseInCcd(solicitorUserName, solicitorPassword, caseId, 'FinancialRemedyContested', 'FR_applicationPaymentSubmission', './test/data/ccd-hwf-contested-payment.json');\n    const hwfPaymentAccepted = await updateCaseInCcd(caseWorkerUserName, caseWorkerPassword, caseId, 'FinancialRemedyContested', 'FR_HWFDecisionMade', './test/data/ccd-contested-basic-data.json');\n    const issueApplication = await updateCaseInCcd(caseWorkerUserName, caseWorkerPassword, caseId, 'FinancialRemedyContested', 'FR_issueApplication', './test/data/ccd-contested-case-worker-issue-data.json');\n    await I.signInIdam(caseWorkerUserName, caseWorkerPassword);\n    await I.amOnPage(`${ccdWebUrl}/v2/case/${caseId}`);\n    await I.manageConfidentialDocuments();\n    logger.info('Manage confidential documents event completed');\n    await I.verifyContestedConfidentialTabData(verifyTabText.historyTab.manageConfidentialDocuments, verifyTabText.confidentialDocumentsTab);\n    logger.info('Confidential documents verified on Confidential documents tab');",
              "err": {},
              "uuid": "8d35ac0b-43cb-443b-a3da-9572e520157d",
              "parentUUID": null,
              "isHook": false,
              "skipped": true
            },
            {
              "title": "progress to listing for contested case @nightly",
              "fullTitle": "create Contested case : progress to listing for contested case @nightly",
              "timedOut": false,
              "duration": 0,
              "state": null,
              "speed": null,
              "pass": false,
              "fail": false,
              "pending": false,
              "context": null,
              "code": "const caseId = await createCaseInCcd(solicitorUserName, solicitorPassword, './test/data/ccd-contested-basic-data.json', 'FinancialRemedyContested', 'FR_solicitorCreate');\n    const caseSubmission = await updateCaseInCcd(solicitorUserName, solicitorPassword, caseId, 'FinancialRemedyContested', 'FR_applicationPaymentSubmission', './test/data/ccd-hwf-contested-payment.json');\n    const hwfPaymentAccepted = await updateCaseInCcd(caseWorkerUserName, caseWorkerPassword, caseId, 'FinancialRemedyContested', 'FR_HWFDecisionMade', './test/data/ccd-contested-basic-data.json');\n    const issueApplication = await updateCaseInCcd(caseWorkerUserName, caseWorkerPassword, caseId, 'FinancialRemedyContested', 'FR_issueApplication', './test/data/ccd-contested-case-worker-issue-data.json');\n    await I.signInIdam(caseWorkerUserName, caseWorkerPassword);\n    await I.amOnPage(`${ccdWebUrl}/v2/case/${caseId}`);\n    logger.info('---------------------case number------------------------', caseId);\n    logger.info('--------------case worker created case ' +caseId+ ' successfully-----------------');\n    await I.allocateJudge();\n    await I.see('Allocate to Judge');\n    await I.signOut();\n    await I.signInIdam(judgeUserName, judgePassword);\n    await I.waitForText('Judicial Case Manager');\n    await I.enterCaseReference(caseId);\n    await I.see('Gate Keeping And Allocation');\n    await I.giveAllocationDirection();\n    await I.signOut();\n    await I.signInIdam(caseWorkerUserName, caseWorkerPassword);\n    await I.waitForText('Manage Cases');\n    await I.enterCaseReference(caseId);\n    await I.listForHearing();\n     I.waitForText('List for Hearing');",
              "err": {},
              "uuid": "ec5d28f5-b7bb-45a8-acc3-6bcd3f86339e",
              "parentUUID": null,
              "isHook": false,
              "skipped": true
            },
            {
              "title": "Update Contact Details for contested Case @nightly ",
              "fullTitle": "create Contested case : Update Contact Details for contested Case @nightly ",
              "timedOut": false,
              "duration": 0,
              "state": null,
              "speed": null,
              "pass": false,
              "fail": false,
              "pending": false,
              "context": null,
              "code": "//caseworker, type-matrimonial\n  const caseId = await createCaseInCcd(solicitorUserName, solicitorPassword, './test/data/ccd-contested-basic-data.json', 'FinancialRemedyContested', 'FR_solicitorCreate');\n  const caseSubmission = await updateCaseInCcd(solicitorUserName, solicitorPassword, caseId, 'FinancialRemedyContested', 'FR_applicationPaymentSubmission', './test/data/ccd-hwf-contested-payment.json');\n  const hwfPaymentAccepted = await updateCaseInCcd(caseWorkerUserName, caseWorkerPassword, caseId, 'FinancialRemedyContested', 'FR_HWFDecisionMade', './test/data/ccd-contested-basic-data.json');\n  const issueApplication = await updateCaseInCcd(caseWorkerUserName, caseWorkerPassword, caseId, 'FinancialRemedyContested', 'FR_issueApplication', './test/data/ccd-contested-case-worker-issue-data.json');\n  await I.signInIdam(caseWorkerUserName, caseWorkerPassword);\n  await I.amOnPage(`${ccdWebUrl}/v2/case/${caseId}`);\n  await I.updateContactDetails();",
              "err": {},
              "uuid": "94bd801b-cd8f-4a0a-a44a-decccf2da1b8",
              "parentUUID": null,
              "isHook": false,
              "skipped": true
            },
            {
              "title": "Contested Add Note   @nightly ",
              "fullTitle": "create Contested case : Contested Add Note   @nightly ",
              "timedOut": false,
              "duration": 0,
              "state": null,
              "speed": null,
              "pass": false,
              "fail": false,
              "pending": false,
              "context": null,
              "code": "//Matrimonial\n const caseId = await createCaseInCcd(solicitorUserName, solicitorPassword, './test/data/ccd-contested-basic-data.json', 'FinancialRemedyContested', 'FR_solicitorCreate');\n const caseSubmission = await updateCaseInCcd(solicitorUserName, solicitorPassword, caseId, 'FinancialRemedyContested', 'FR_applicationPaymentSubmission', './test/data/ccd-hwf-contested-payment.json');\n const hwfPaymentAccepted = await updateCaseInCcd(caseWorkerUserName, caseWorkerPassword, caseId, 'FinancialRemedyContested', 'FR_HWFDecisionMade', './test/data/ccd-contested-basic-data.json');\n const issueApplication = await updateCaseInCcd(caseWorkerUserName, caseWorkerPassword, caseId, 'FinancialRemedyContested', 'FR_issueApplication', './test/data/ccd-contested-case-worker-issue-data.json');\n   I.signInIdam(caseWorkerUserName, caseWorkerPassword);\n   I.amOnPage(`${ccdWebUrl}/v2/case/${caseId}`);\n   await I.addNote();",
              "err": {},
              "uuid": "695bf360-09ff-4076-9e3e-aad05b24418e",
              "parentUUID": null,
              "isHook": false,
              "skipped": true
            }
          ],
          "suites": [],
          "passes": [],
          "failures": [],
          "pending": [],
          "skipped": [
            "2960f6c6-7176-4702-8d96-b032ae2a2a5a",
            "073fc410-ad1d-461e-9626-31c75026ec7a",
            "a7207f6a-8009-4722-b259-43680508ecef",
            "bd1621de-df3d-4e75-b789-d9446a6128e1",
            "63c84faa-5df0-4459-8f2b-5bcd22c3432a",
            "bc91c1b8-5693-4d9c-a8a7-440f927eaa48",
            "d8adbec0-1119-4b99-85b2-9be47072929c",
            "2faf73ed-f550-427b-a2eb-950e89d15d8d",
            "e583467c-143d-49a2-9183-dfcf9119d51a",
            "eb11e59d-8ab2-41c9-bc40-0b512b34bcda",
            "6889563f-cf82-4903-9cca-5ca1afc52a85",
            "f03bd468-93db-43fb-80d9-feefaf5f5ce5",
            "810e7ea2-4077-4550-8884-91229ee82293",
            "8d35ac0b-43cb-443b-a3da-9572e520157d",
            "ec5d28f5-b7bb-45a8-acc3-6bcd3f86339e",
            "94bd801b-cd8f-4a0a-a44a-decccf2da1b8",
            "695bf360-09ff-4076-9e3e-aad05b24418e"
          ],
          "duration": 0,
          "root": false,
          "rootEmpty": false,
          "_timeout": 0
        },
        {
          "uuid": "9219959c-3ba5-4eb8-9a7f-2024f85bd477",
          "title": "Create Cases for Respondent Journey ",
          "fullFile": "/Users/johnnyvineall/Documents/GitHub/finrem-ccd-definitions/test/functional/contested-respondent_test.js",
          "file": "/test/functional/contested-respondent_test.js",
          "beforeHooks": [
            {
              "title": "\"before all\" hook: codeceptjs.beforeSuite",
              "fullTitle": "Create Cases for Respondent Journey  \"before all\" hook: codeceptjs.beforeSuite",
              "timedOut": false,
              "duration": 0,
              "state": null,
              "speed": null,
              "pass": false,
              "fail": false,
              "pending": false,
              "context": null,
              "code": "scenario.suiteSetup(suite)",
              "err": {},
              "uuid": "6f832e7a-5b55-4985-89c8-2e149bc3bce4",
              "parentUUID": null,
              "isHook": true,
              "skipped": false
            },
            {
              "title": "\"before each\" hook: codeceptjs.before",
              "fullTitle": "Create Cases for Respondent Journey  \"before each\" hook: codeceptjs.before",
              "timedOut": false,
              "duration": 0,
              "state": null,
              "speed": null,
              "pass": false,
              "fail": false,
              "pending": false,
              "context": null,
              "code": "scenario.setup(suite)",
              "err": {},
              "uuid": "2bbd8d7f-a5f8-404f-ace9-2c4bbee3f5e5",
              "parentUUID": null,
              "isHook": true,
              "skipped": false
            }
          ],
          "afterHooks": [
            {
              "title": "\"after all\" hook: codeceptjs.afterSuite",
              "fullTitle": "Create Cases for Respondent Journey  \"after all\" hook: codeceptjs.afterSuite",
              "timedOut": false,
              "duration": 0,
              "state": null,
              "speed": null,
              "pass": false,
              "fail": false,
              "pending": false,
              "context": null,
              "code": "scenario.suiteTeardown(suite)",
              "err": {},
              "uuid": "83cff7b0-498e-40df-be8a-cb2b9df6fde8",
              "parentUUID": null,
              "isHook": true,
              "skipped": false
            },
            {
              "title": "\"after each\" hook: finalize codeceptjs",
              "fullTitle": "Create Cases for Respondent Journey  \"after each\" hook: finalize codeceptjs",
              "timedOut": false,
              "duration": 0,
              "state": null,
              "speed": null,
              "pass": false,
              "fail": false,
              "pending": false,
              "context": null,
              "code": "scenario.teardown(suite)",
              "err": {},
              "uuid": "35cb81c3-05cf-4843-8ad4-af5c6480e7fd",
              "parentUUID": null,
              "isHook": true,
              "skipped": false
            }
          ],
          "tests": [
            {
              "title": "Create and assign Contested Case To Respondent @nightly @preview",
              "fullTitle": "Create Cases for Respondent Journey : Create and assign Contested Case To Respondent @nightly @preview",
              "timedOut": false,
              "duration": 0,
              "state": null,
              "speed": null,
              "pass": false,
              "fail": false,
              "pending": false,
              "context": null,
              "code": "if (runningEnv === 'demo') {\n  const caseId = await createCaseInCcd(solicitorUserName, solicitorPassword, './test/data/ccd-demo-contested-basic-data.json', 'FinancialRemedyContested', 'FR_solicitorCreate');\n  /* eslint-disable */\n  const caseSubmission = await updateCaseInCcd(solicitorUserName, solicitorPassword, caseId, 'FinancialRemedyContested', 'FR_applicationPaymentSubmission', './test/data/ccd-hwf-contested-payment.json');\n  const hwfPaymentAccepted = await updateCaseInCcd(caseWorkerUserName, caseWorkerPassword, caseId, 'FinancialRemedyContested', 'FR_HWFDecisionMade', './test/data/ccd-demo-contested-basic-data.json');\n  const issueApplication = await updateCaseInCcd(caseWorkerUserName, caseWorkerPassword, caseId, 'FinancialRemedyContested', 'FR_issueApplication', './test/data/ccd-contested-case-worker-issue-data.json');\n  I.signInXuiOrg(caaUsername, caaPassword);\n  I.assignContestedCase(caseId, respondentEmail);\n} else {\n  const caseId = await createCaseInCcd(solicitorUserName, solicitorPassword, './test/data/ccd-contested-basic-data.json', 'FinancialRemedyContested', 'FR_solicitorCreate');\n  const caseSubmission = await updateCaseInCcd(solicitorUserName, solicitorPassword, caseId, 'FinancialRemedyContested', 'FR_applicationPaymentSubmission', './test/data/ccd-hwf-contested-payment.json');\n  const hwfPaymentAccepted = await updateCaseInCcd(caseWorkerUserName, caseWorkerPassword, caseId, 'FinancialRemedyContested', 'FR_HWFDecisionMade', './test/data/ccd-contested-basic-data.json');\n  const issueApplication = await updateCaseInCcd(caseWorkerUserName, caseWorkerPassword, caseId, 'FinancialRemedyContested', 'FR_issueApplication', './test/data/ccd-contested-case-worker-issue-data.json');\n  I.signInXuiOrg(caaUsername, caaPassword);\n  I.assignContestedCase(caseId, respondentEmail);\n}",
              "err": {},
              "uuid": "a14f1d4d-e18f-41a2-8b42-4dadef3b6da2",
              "parentUUID": null,
              "isHook": false,
              "skipped": true
            }
          ],
          "suites": [],
          "passes": [],
          "failures": [],
          "pending": [],
          "skipped": [
            "a14f1d4d-e18f-41a2-8b42-4dadef3b6da2"
          ],
          "duration": 0,
          "root": false,
          "rootEmpty": false,
          "_timeout": 0
        },
        {
          "uuid": "7aebf376-ecf0-4698-b523-c2a04c52abf6",
          "title": "General Application",
          "fullFile": "/Users/johnnyvineall/Documents/GitHub/finrem-ccd-definitions/test/functional/general_application_test.js",
          "file": "/test/functional/general_application_test.js",
          "beforeHooks": [
            {
              "title": "\"before all\" hook: codeceptjs.beforeSuite",
              "fullTitle": "General Application \"before all\" hook: codeceptjs.beforeSuite",
              "timedOut": false,
              "duration": 0,
              "state": null,
              "speed": null,
              "pass": false,
              "fail": false,
              "pending": false,
              "context": null,
              "code": "scenario.suiteSetup(suite)",
              "err": {},
              "uuid": "c9595252-bfb0-4e02-9d63-08f45f5d47b6",
              "parentUUID": null,
              "isHook": true,
              "skipped": false
            },
            {
              "title": "\"before each\" hook: codeceptjs.before",
              "fullTitle": "General Application \"before each\" hook: codeceptjs.before",
              "timedOut": false,
              "duration": 0,
              "state": null,
              "speed": null,
              "pass": false,
              "fail": false,
              "pending": false,
              "context": null,
              "code": "scenario.setup(suite)",
              "err": {},
              "uuid": "07f537ae-6cbe-4d72-b263-6c62cc9fa9c5",
              "parentUUID": null,
              "isHook": true,
              "skipped": false
            }
          ],
          "afterHooks": [
            {
              "title": "\"after all\" hook: codeceptjs.afterSuite",
              "fullTitle": "General Application \"after all\" hook: codeceptjs.afterSuite",
              "timedOut": false,
              "duration": 0,
              "state": null,
              "speed": null,
              "pass": false,
              "fail": false,
              "pending": false,
              "context": null,
              "code": "scenario.suiteTeardown(suite)",
              "err": {},
              "uuid": "18385e28-6692-494d-a062-25a80be9ab8a",
              "parentUUID": null,
              "isHook": true,
              "skipped": false
            },
            {
              "title": "\"after each\" hook: finalize codeceptjs",
              "fullTitle": "General Application \"after each\" hook: finalize codeceptjs",
              "timedOut": false,
              "duration": 0,
              "state": null,
              "speed": null,
              "pass": false,
              "fail": false,
              "pending": false,
              "context": null,
              "code": "scenario.teardown(suite)",
              "err": {},
              "uuid": "5061e9bd-d3e7-4cff-a7aa-bc552a1c0c31",
              "parentUUID": null,
              "isHook": true,
              "skipped": false
            }
          ],
          "tests": [
            {
              "title": "General Application e2e Test",
              "fullTitle": "General Application: General Application e2e Test",
              "timedOut": false,
              "duration": 0,
              "state": null,
              "speed": null,
              "pass": false,
              "fail": false,
              "pending": false,
              "context": null,
              "code": "logger.info(\"General application test starting\");\nconst caseId = await createCaseInCcd(solicitorUserName, solicitorPassword, './test/data/ccd-contested-basic-data.json', 'FinancialRemedyContested', 'FR_solicitorCreate');\nconst caseSubmission = await updateCaseInCcd(solicitorUserName, solicitorPassword, caseId, 'FinancialRemedyContested', 'FR_applicationPaymentSubmission', './test/data/ccd-hwf-contested-payment.json');\nconst hwfPaymentAccepted = await updateCaseInCcd(caseWorkerUserName, caseWorkerPassword, caseId, 'FinancialRemedyContested', 'FR_HWFDecisionMade', './test/data/ccd-contested-basic-data.json');\nconst issueApplication = await updateCaseInCcd(caseWorkerUserName, caseWorkerPassword, caseId, 'FinancialRemedyContested', 'FR_issueApplication', './test/data/ccd-contested-case-worker-issue-data.json');\nI.signInIdam(solicitorUserName, solicitorPassword);\nI.amOnPage(`${ccdWebUrl}/v2/case/${caseId}`);\nawait I.solicitorCreateGeneralApplication();\nawait I.verifyGeneralApplicationTab(\"Created\");\nI.signOut();\nI.signInIdam(caseWorkerUserName, caseWorkerPassword);\nI.amOnPage(`${ccdWebUrl}/v2/case/${caseId}`);\nawait I.caseWorkerReferGeneralApplication();\nawait I.verifyGeneralApplicationTab(\"Referred To Judge\");\nI.signOut();\nI.signInIdam(judgeUserName, judgePassword);\nI.amOnPage(`${ccdWebUrl}/v2/case/${caseId}`);\nawait I.judgeGeneralApplicationOutcome();\nawait I.verifyGeneralApplicationTab(\"Approved\");\nI.signOut();\nI.signInIdam(caseWorkerUserName, caseWorkerPassword);\nI.amOnPage(`${ccdWebUrl}/v2/case/${caseId}`);\nawait I.generalApplicationDirections();\nawait I.verifyGeneralApplicationTab(\"Approved, Completed\");",
              "err": {},
              "uuid": "1cc89808-730d-42fa-8d4f-f4c2f1dc77d2",
              "parentUUID": null,
              "isHook": false,
              "skipped": true
            }
          ],
          "suites": [],
          "passes": [],
          "failures": [],
          "pending": [],
          "skipped": [
            "1cc89808-730d-42fa-8d4f-f4c2f1dc77d2"
          ],
          "duration": 0,
          "root": false,
          "rootEmpty": false,
          "_timeout": 0
        },
        {
          "uuid": "58606b97-c7c0-4398-a10a-93bc1fda94a3",
          "title": "Manage Interveners",
          "fullFile": "/Users/johnnyvineall/Documents/GitHub/finrem-ccd-definitions/test/functional/interveners_test.js",
          "file": "/test/functional/interveners_test.js",
          "beforeHooks": [
            {
              "title": "\"before all\" hook: codeceptjs.beforeSuite",
              "fullTitle": "Manage Interveners \"before all\" hook: codeceptjs.beforeSuite",
              "timedOut": false,
              "duration": 0,
              "state": null,
              "speed": null,
              "pass": false,
              "fail": false,
              "pending": false,
              "context": null,
              "code": "scenario.suiteSetup(suite)",
              "err": {},
              "uuid": "d371ac21-d122-46b3-bb20-dce947552160",
              "parentUUID": null,
              "isHook": true,
              "skipped": false
            },
            {
              "title": "\"before each\" hook: codeceptjs.before",
              "fullTitle": "Manage Interveners \"before each\" hook: codeceptjs.before",
              "timedOut": false,
              "duration": 0,
              "state": null,
              "speed": null,
              "pass": false,
              "fail": false,
              "pending": false,
              "context": null,
              "code": "scenario.setup(suite)",
              "err": {},
              "uuid": "83ba9c55-cdd2-435f-84ed-53a55199bf96",
              "parentUUID": null,
              "isHook": true,
              "skipped": false
            }
          ],
          "afterHooks": [
            {
              "title": "\"after all\" hook: codeceptjs.afterSuite",
              "fullTitle": "Manage Interveners \"after all\" hook: codeceptjs.afterSuite",
              "timedOut": false,
              "duration": 0,
              "state": null,
              "speed": null,
              "pass": false,
              "fail": false,
              "pending": false,
              "context": null,
              "code": "scenario.suiteTeardown(suite)",
              "err": {},
              "uuid": "3ff84e77-3794-4ded-bd6c-9fd34c1b7656",
              "parentUUID": null,
              "isHook": true,
              "skipped": false
            },
            {
              "title": "\"after each\" hook: finalize codeceptjs",
              "fullTitle": "Manage Interveners \"after each\" hook: finalize codeceptjs",
              "timedOut": false,
              "duration": 0,
              "state": null,
              "speed": null,
              "pass": false,
              "fail": false,
              "pending": false,
              "context": null,
              "code": "scenario.teardown(suite)",
              "err": {},
              "uuid": "c74d6589-82f9-485e-85e0-9733e96f8e36",
              "parentUUID": null,
              "isHook": true,
              "skipped": false
            }
          ],
          "tests": [
            {
              "title": "Add Interveners @nightly",
              "fullTitle": "Manage Interveners: Add Interveners @nightly",
              "timedOut": false,
              "duration": 0,
              "state": null,
              "speed": null,
              "pass": false,
              "fail": false,
              "pending": false,
              "context": null,
              "code": "const caseId = await createCaseInCcd(solicitorUserName, solicitorPassword, './test/data/ccd-contested-basic-data.json', 'FinancialRemedyContested', 'FR_solicitorCreate');\nconst caseSubmission = await updateCaseInCcd(solicitorUserName, solicitorPassword, caseId, 'FinancialRemedyContested', 'FR_applicationPaymentSubmission', './test/data/ccd-hwf-contested-payment.json');\nconst hwfPaymentAccepted = await updateCaseInCcd(caseWorkerUserName, caseWorkerPassword, caseId, 'FinancialRemedyContested', 'FR_HWFDecisionMade', './test/data/ccd-contested-basic-data.json');\nconst issueApplication = await updateCaseInCcd(caseWorkerUserName, caseWorkerPassword, caseId, 'FinancialRemedyContested', 'FR_issueApplication', './test/data/ccd-contested-case-worker-issue-data.json');\nawait I.signInIdam(caseWorkerUserName, caseWorkerPassword);\nawait I.amOnPage(`${ccdWebUrl}/v2/case/${caseId}`);\nI.wait('5');\nawait I.manageInterveners();\nlogger.info('Manage Interveners event completed');\nawait I.contestedIntervenersTab(verifyTabText.historyTab.manageIntervenersEvent, verifyTabText.IntervenersTab);\nlogger.info('Interveners tab verified');",
              "err": {},
              "uuid": "3e93d724-38d9-4c96-b1cf-798ea02ae4b8",
              "parentUUID": null,
              "isHook": false,
              "skipped": true
            }
          ],
          "suites": [],
          "passes": [],
          "failures": [],
          "pending": [],
          "skipped": [
            "3e93d724-38d9-4c96-b1cf-798ea02ae4b8"
          ],
          "duration": 0,
          "root": false,
          "rootEmpty": false,
          "_timeout": 0
        }
      ],
      "passes": [],
      "failures": [],
      "pending": [],
      "skipped": [],
      "duration": 0,
      "root": true,
      "rootEmpty": true,
      "_timeout": 0
    }
  ],
  "meta": {
    "mocha": {
      "version": "6.2.3"
    },
    "mochawesome": {
      "options": {
        "quiet": false,
        "reportFilename": "mochawesome",
        "saveHtml": true,
        "saveJson": true,
        "consoleReporter": "spec",
        "useInlineDiffs": false,
        "code": true
      },
      "version": "6.2.1"
    },
    "marge": {
      "options": {
        "reportDir": "functional-output/xui/parallel_chunk2_4697d80bdefdef94aaba8756c0032a6f_2",
        "reportName": "FinRemTests",
        "inlineAssets": true
      },
      "version": "5.1.0"
    }
  }
}